23:06:03 INFO - faulty_replica_3 process is started
23:06:03 INFO - received msg of type = client_request from id = client_1
23:06:03 INFO - received msg of type = client_request from id = client_0
23:06:03 INFO - received msg of type = client_request from id = client_2
23:06:03 INFO - received msg of type = client_request from id = client_1
23:06:03 INFO - received msg of type = client_request from id = client_0
23:06:03 INFO - received msg of type = client_request from id = client_1
23:06:03 INFO - received msg of type = client_request from id = client_2
23:06:03 INFO - received msg of type = client_request from id = client_1
23:06:03 INFO - received msg of type = client_request from id = client_0
23:06:03 INFO - received msg of type = client_request from id = client_2
23:06:03 INFO - received msg of type = client_request from id = client_0
23:06:03 INFO - received msg of type = client_request from id = client_1
23:06:03 INFO - received msg of type = client_request from id = client_2
23:06:03 INFO - received msg of type = client_request from id = client_0
23:06:03 INFO - received msg of type = client_request from id = client_2
23:06:03 INFO - received msg of type = client_request from id = client_0
23:06:03 INFO - received msg of type = client_request from id = client_1
23:06:03 INFO - received msg of type = client_request from id = client_2
23:06:04 INFO - Local timeout round triggered for round = 0
23:06:04 INFO - Created Timeout Message for round = 0 and broadcasted
23:06:04 INFO - received msg of type = timeout_message from id = replica_1
23:06:04 INFO - received msg of type = timeout_message from id = replica_0
23:06:04 INFO - received msg of type = timeout_message from id = replica_2
23:06:04 INFO - received msg of type = timeout_message from id = faulty_replica_1
23:06:04 INFO - received msg of type = timeout_message from id = faulty_replica_0
23:06:04 INFO - received msg of type = timeout_message from id = faulty_replica_3
23:06:04 INFO - Local timeout round triggered for round = 0
23:06:04 INFO - Created Timeout Message for round = 0 and broadcasted
23:06:04 INFO - received msg of type = timeout_message from id = replica_3
23:06:04 INFO - received msg of type = timeout_message from id = faulty_replica_2
23:06:04 INFO - received msg of type = timeout_message from id = faulty_replica_4
23:06:04 INFO - received msg of type = timeout_message from id = replica_4
23:06:04 INFO - received msg of type = timeout_message from id = replica_0
23:06:04 INFO - received msg of type = timeout_message from id = replica_1
23:06:04 INFO - received msg of type = timeout_message from id = replica_2
23:06:04 INFO - received msg of type = timeout_message from id = faulty_replica_0
23:06:04 INFO - received msg of type = timeout_message from id = faulty_replica_1
23:06:04 INFO - received msg of type = timeout_message from id = faulty_replica_2
23:06:04 INFO - received msg of type = timeout_message from id = replica_3
23:06:04 INFO - received msg of type = timeout_message from id = faulty_replica_3
23:06:04 INFO - received msg of type = timeout_message from id = replica_4
23:06:04 INFO - received msg of type = timeout_message from id = faulty_replica_4
23:06:05 INFO - received msg of type = timeout_message from id = replica_1
23:06:05 INFO - received msg of type = timeout_message from id = replica_0
23:06:05 INFO - received msg of type = timeout_message from id = replica_2
23:06:05 INFO - received msg of type = timeout_message from id = faulty_replica_0
23:06:05 INFO - Local timeout round triggered for round = 0
23:06:05 INFO - Created Timeout Message for round = 0 and broadcasted
23:06:05 INFO - received msg of type = timeout_message from id = faulty_replica_1
23:06:05 INFO - received msg of type = timeout_message from id = faulty_replica_2
23:06:05 INFO - received msg of type = timeout_message from id = replica_3
23:06:05 INFO - received msg of type = timeout_message from id = faulty_replica_3
23:06:05 INFO - received msg of type = timeout_message from id = replica_4
23:06:05 INFO - received msg of type = timeout_message from id = faulty_replica_4
23:06:06 INFO - received msg of type = timeout_message from id = replica_0
23:06:06 INFO - received msg of type = timeout_message from id = replica_1
23:06:06 INFO - received msg of type = timeout_message from id = replica_2
23:06:06 INFO - received msg of type = timeout_message from id = faulty_replica_0
23:06:06 INFO - received msg of type = timeout_message from id = faulty_replica_1
23:06:06 INFO - Local timeout round triggered for round = 0
23:06:06 INFO - Created Timeout Message for round = 0 and broadcasted
23:06:06 INFO - received msg of type = timeout_message from id = faulty_replica_2
23:06:06 INFO - received msg of type = timeout_message from id = replica_3
23:06:06 INFO - received msg of type = timeout_message from id = faulty_replica_3
23:06:06 INFO - received msg of type = timeout_message from id = replica_4
23:06:06 INFO - received msg of type = timeout_message from id = faulty_replica_4
23:06:07 INFO - received msg of type = timeout_message from id = replica_0
23:06:07 INFO - received msg of type = timeout_message from id = replica_1
23:06:07 INFO - received msg of type = timeout_message from id = replica_2
23:06:07 INFO - received msg of type = timeout_message from id = faulty_replica_0
23:06:07 INFO - received msg of type = timeout_message from id = faulty_replica_1
23:06:07 INFO - Local timeout round triggered for round = 0
23:06:07 INFO - Created Timeout Message for round = 0 and broadcasted
23:06:07 INFO - received msg of type = timeout_message from id = replica_3
23:06:07 INFO - received msg of type = timeout_message from id = faulty_replica_2
23:06:07 INFO - received msg of type = timeout_message from id = faulty_replica_3
23:06:07 INFO - received msg of type = timeout_message from id = replica_4
23:06:07 INFO - received msg of type = timeout_message from id = faulty_replica_4
23:06:08 INFO - received msg of type = timeout_message from id = replica_1
23:06:08 INFO - received msg of type = timeout_message from id = replica_0
23:06:08 INFO - received msg of type = timeout_message from id = faulty_replica_0
23:06:08 INFO - received msg of type = timeout_message from id = replica_2
23:06:08 INFO - received msg of type = timeout_message from id = faulty_replica_1
23:06:08 INFO - Local timeout round triggered for round = 0
23:06:08 INFO - Created Timeout Message for round = 0 and broadcasted
23:06:08 INFO - received msg of type = timeout_message from id = replica_3
23:06:08 INFO - received msg of type = timeout_message from id = faulty_replica_2
23:06:08 INFO - received msg of type = timeout_message from id = faulty_replica_3
23:06:08 INFO - received msg of type = timeout_message from id = replica_4
23:06:08 INFO - received msg of type = timeout_message from id = faulty_replica_4
23:06:09 INFO - received msg of type = timeout_message from id = replica_1
23:06:09 INFO - received msg of type = timeout_message from id = replica_0
23:06:09 INFO - received msg of type = timeout_message from id = faulty_replica_0
23:06:09 INFO - received msg of type = timeout_message from id = replica_2
23:06:09 INFO - received msg of type = timeout_message from id = faulty_replica_1
23:06:09 INFO - Local timeout round triggered for round = 0
23:06:09 INFO - Created Timeout Message for round = 0 and broadcasted
23:06:09 INFO - received msg of type = timeout_message from id = replica_3
23:06:09 INFO - received msg of type = timeout_message from id = faulty_replica_2
23:06:09 INFO - received msg of type = timeout_message from id = faulty_replica_3
23:06:09 INFO - received msg of type = timeout_message from id = replica_4
23:06:09 INFO - received msg of type = timeout_message from id = faulty_replica_4
23:06:10 INFO - received msg of type = timeout_message from id = replica_1
23:06:10 INFO - received msg of type = timeout_message from id = replica_0
23:06:10 INFO - received msg of type = timeout_message from id = replica_2
23:06:10 INFO - received msg of type = timeout_message from id = faulty_replica_0
23:06:10 INFO - received msg of type = timeout_message from id = faulty_replica_1
23:06:10 INFO - received msg of type = timeout_message from id = replica_3
23:06:10 INFO - Local timeout round triggered for round = 0
23:06:10 INFO - Created Timeout Message for round = 0 and broadcasted
23:06:10 INFO - received msg of type = timeout_message from id = faulty_replica_2
23:06:10 INFO - received msg of type = timeout_message from id = faulty_replica_3
23:06:10 INFO - received msg of type = timeout_message from id = replica_4
23:06:10 INFO - received msg of type = timeout_message from id = faulty_replica_4
23:06:11 INFO - received msg of type = timeout_message from id = replica_1
23:06:11 INFO - received msg of type = timeout_message from id = replica_0
23:06:11 INFO - received msg of type = timeout_message from id = replica_2
23:06:11 INFO - received msg of type = timeout_message from id = faulty_replica_0
23:06:11 INFO - received msg of type = timeout_message from id = replica_3
23:06:11 INFO - Local timeout round triggered for round = 0
23:06:11 INFO - Created Timeout Message for round = 0 and broadcasted
23:06:11 INFO - received msg of type = timeout_message from id = faulty_replica_1
23:06:11 INFO - received msg of type = timeout_message from id = faulty_replica_3
23:06:11 INFO - received msg of type = timeout_message from id = faulty_replica_2
23:06:11 INFO - received msg of type = timeout_message from id = faulty_replica_4
23:06:11 INFO - received msg of type = timeout_message from id = replica_4
23:06:12 INFO - received msg of type = timeout_message from id = replica_1
23:06:12 INFO - received msg of type = timeout_message from id = replica_0
23:06:12 INFO - received msg of type = timeout_message from id = replica_2
23:06:12 INFO - received msg of type = timeout_message from id = faulty_replica_0
23:06:12 INFO - received msg of type = timeout_message from id = replica_3
23:06:12 INFO - received msg of type = timeout_message from id = faulty_replica_1
23:06:12 INFO - Local timeout round triggered for round = 0
23:06:12 INFO - Created Timeout Message for round = 0 and broadcasted
23:06:12 INFO - received msg of type = timeout_message from id = faulty_replica_3
23:06:12 INFO - received msg of type = timeout_message from id = faulty_replica_2
23:06:12 INFO - received msg of type = timeout_message from id = replica_4
23:06:12 INFO - received msg of type = timeout_message from id = faulty_replica_4
23:06:13 INFO - received msg of type = timeout_message from id = replica_1
23:06:13 INFO - received msg of type = timeout_message from id = replica_0
23:06:13 INFO - received msg of type = timeout_message from id = replica_2
23:06:13 INFO - received msg of type = timeout_message from id = faulty_replica_0
23:06:13 INFO - received msg of type = timeout_message from id = replica_3
23:06:13 INFO - received msg of type = timeout_message from id = faulty_replica_1
23:06:13 INFO - Local timeout round triggered for round = 0
23:06:13 INFO - Created Timeout Message for round = 0 and broadcasted
23:06:13 INFO - received msg of type = timeout_message from id = faulty_replica_3
23:06:13 INFO - received msg of type = timeout_message from id = faulty_replica_2
23:06:13 INFO - received msg of type = timeout_message from id = replica_4
23:06:13 INFO - received msg of type = timeout_message from id = faulty_replica_4
23:06:14 INFO - received msg of type = timeout_message from id = replica_1
23:06:14 INFO - received msg of type = timeout_message from id = replica_0
23:06:14 INFO - received msg of type = timeout_message from id = replica_2
23:06:14 INFO - received msg of type = timeout_message from id = faulty_replica_0
23:06:14 INFO - received msg of type = timeout_message from id = replica_3
23:06:14 INFO - received msg of type = timeout_message from id = faulty_replica_1
23:06:14 INFO - Local timeout round triggered for round = 0
23:06:14 INFO - Created Timeout Message for round = 0 and broadcasted
23:06:14 INFO - received msg of type = timeout_message from id = faulty_replica_3
23:06:14 INFO - received msg of type = timeout_message from id = faulty_replica_2
23:06:14 INFO - received msg of type = timeout_message from id = replica_4
23:06:14 INFO - received msg of type = timeout_message from id = faulty_replica_4
23:06:15 INFO - received msg of type = timeout_message from id = replica_1
23:06:15 INFO - received msg of type = timeout_message from id = replica_0
23:06:15 INFO - received msg of type = timeout_message from id = replica_2
23:06:15 INFO - received msg of type = timeout_message from id = faulty_replica_0
23:06:15 INFO - received msg of type = timeout_message from id = replica_3
23:06:15 INFO - received msg of type = timeout_message from id = faulty_replica_1
23:06:15 INFO - Local timeout round triggered for round = 0
23:06:15 INFO - Created Timeout Message for round = 0 and broadcasted
23:06:15 INFO - received msg of type = timeout_message from id = faulty_replica_3
23:06:15 INFO - received msg of type = timeout_message from id = faulty_replica_2
23:06:15 INFO - received msg of type = timeout_message from id = replica_4
23:06:15 INFO - received msg of type = timeout_message from id = faulty_replica_4
23:06:16 INFO - received msg of type = timeout_message from id = replica_0
23:06:16 INFO - received msg of type = timeout_message from id = replica_1
23:06:16 INFO - received msg of type = timeout_message from id = replica_2
23:06:16 INFO - received msg of type = timeout_message from id = faulty_replica_0
23:06:16 INFO - received msg of type = timeout_message from id = replica_3
23:06:16 INFO - received msg of type = timeout_message from id = faulty_replica_1
23:06:16 INFO - received msg of type = timeout_message from id = faulty_replica_2
23:06:16 INFO - Local timeout round triggered for round = 0
23:06:16 INFO - Created Timeout Message for round = 0 and broadcasted
23:06:16 INFO - received msg of type = timeout_message from id = faulty_replica_3
23:06:16 INFO - received msg of type = timeout_message from id = replica_4
23:06:16 INFO - received msg of type = timeout_message from id = faulty_replica_4
23:06:17 INFO - received msg of type = timeout_message from id = replica_0
23:06:17 INFO - received msg of type = timeout_message from id = replica_1
23:06:17 INFO - received msg of type = timeout_message from id = replica_2
23:06:17 INFO - received msg of type = timeout_message from id = faulty_replica_0
23:06:17 INFO - received msg of type = timeout_message from id = replica_3
23:06:17 INFO - received msg of type = timeout_message from id = faulty_replica_1
23:06:17 INFO - received msg of type = timeout_message from id = faulty_replica_2
23:06:17 INFO - Local timeout round triggered for round = 0
23:06:17 INFO - Created Timeout Message for round = 0 and broadcasted
23:06:17 INFO - received msg of type = timeout_message from id = faulty_replica_3
23:06:17 INFO - received msg of type = timeout_message from id = replica_4
23:06:17 INFO - received msg of type = timeout_message from id = faulty_replica_4
23:06:18 INFO - received msg of type = timeout_message from id = replica_0
23:06:18 INFO - received msg of type = timeout_message from id = replica_1
23:06:18 INFO - received msg of type = timeout_message from id = replica_2
23:06:18 INFO - received msg of type = timeout_message from id = faulty_replica_0
23:06:18 INFO - received msg of type = timeout_message from id = replica_3
23:06:18 INFO - received msg of type = timeout_message from id = faulty_replica_1
23:06:18 INFO - received msg of type = timeout_message from id = faulty_replica_2
23:06:18 INFO - Local timeout round triggered for round = 0
23:06:18 INFO - Created Timeout Message for round = 0 and broadcasted
23:06:18 INFO - received msg of type = timeout_message from id = faulty_replica_3
23:06:18 INFO - received msg of type = timeout_message from id = replica_4
23:06:18 INFO - received msg of type = timeout_message from id = faulty_replica_4
23:06:19 INFO - received msg of type = timeout_message from id = replica_0
23:06:19 INFO - received msg of type = timeout_message from id = replica_1
23:06:19 INFO - received msg of type = timeout_message from id = replica_2
23:06:19 INFO - received msg of type = timeout_message from id = faulty_replica_0
23:06:19 INFO - received msg of type = timeout_message from id = replica_3
23:06:19 INFO - received msg of type = timeout_message from id = faulty_replica_1
23:06:19 INFO - received msg of type = timeout_message from id = faulty_replica_2
23:06:19 INFO - Local timeout round triggered for round = 0
23:06:19 INFO - Created Timeout Message for round = 0 and broadcasted
23:06:19 INFO - received msg of type = timeout_message from id = faulty_replica_3
23:06:19 INFO - received msg of type = timeout_message from id = replica_4
23:06:19 INFO - received msg of type = timeout_message from id = faulty_replica_4
23:06:20 INFO - received msg of type = timeout_message from id = replica_0
23:06:20 INFO - received msg of type = timeout_message from id = replica_1
23:06:20 INFO - received msg of type = timeout_message from id = replica_2
23:06:20 INFO - received msg of type = timeout_message from id = faulty_replica_0
23:06:20 INFO - received msg of type = timeout_message from id = replica_3
23:06:20 INFO - received msg of type = timeout_message from id = faulty_replica_1
23:06:20 INFO - received msg of type = timeout_message from id = faulty_replica_2
23:06:20 INFO - Local timeout round triggered for round = 0
23:06:20 INFO - Created Timeout Message for round = 0 and broadcasted
23:06:20 INFO - received msg of type = timeout_message from id = faulty_replica_3
23:06:20 INFO - received msg of type = timeout_message from id = replica_4
23:06:20 INFO - received msg of type = timeout_message from id = faulty_replica_4
23:06:21 INFO - received msg of type = timeout_message from id = replica_0
23:06:21 INFO - received msg of type = timeout_message from id = replica_1
23:06:21 INFO - received msg of type = timeout_message from id = replica_2
23:06:21 INFO - received msg of type = timeout_message from id = faulty_replica_0
23:06:21 INFO - received msg of type = timeout_message from id = replica_3
23:06:21 INFO - received msg of type = timeout_message from id = faulty_replica_1
23:06:21 INFO - received msg of type = timeout_message from id = faulty_replica_2
23:06:21 INFO - Local timeout round triggered for round = 0
23:06:21 INFO - Created Timeout Message for round = 0 and broadcasted
23:06:21 INFO - received msg of type = timeout_message from id = faulty_replica_3
23:06:21 INFO - received msg of type = timeout_message from id = replica_4
23:06:21 INFO - received msg of type = timeout_message from id = faulty_replica_4
23:06:22 INFO - received msg of type = timeout_message from id = replica_0
23:06:22 INFO - received msg of type = timeout_message from id = replica_1
23:06:22 INFO - received msg of type = timeout_message from id = replica_2
23:06:22 INFO - received msg of type = timeout_message from id = faulty_replica_0
23:06:22 INFO - received msg of type = timeout_message from id = replica_3
23:06:22 INFO - received msg of type = timeout_message from id = faulty_replica_1
23:06:22 INFO - received msg of type = timeout_message from id = faulty_replica_2
23:06:22 INFO - Local timeout round triggered for round = 0
23:06:22 INFO - Created Timeout Message for round = 0 and broadcasted
23:06:22 INFO - received msg of type = timeout_message from id = faulty_replica_3
23:06:22 INFO - received msg of type = timeout_message from id = replica_4
23:06:22 INFO - received msg of type = timeout_message from id = faulty_replica_4
23:06:23 INFO - received msg of type = timeout_message from id = replica_0
23:06:23 INFO - received msg of type = timeout_message from id = replica_1
23:06:23 INFO - received msg of type = timeout_message from id = replica_2
23:06:23 INFO - received msg of type = timeout_message from id = faulty_replica_0
23:06:23 INFO - received msg of type = timeout_message from id = replica_3
23:06:23 INFO - received msg of type = timeout_message from id = faulty_replica_1
23:06:23 INFO - received msg of type = timeout_message from id = faulty_replica_2
23:06:23 INFO - Local timeout round triggered for round = 0
23:06:23 INFO - Created Timeout Message for round = 0 and broadcasted
23:06:23 INFO - received msg of type = timeout_message from id = faulty_replica_3
23:06:23 INFO - received msg of type = timeout_message from id = replica_4
23:06:23 INFO - received msg of type = timeout_message from id = faulty_replica_4
23:06:24 INFO - received msg of type = timeout_message from id = replica_0
23:06:24 INFO - received msg of type = timeout_message from id = replica_1
23:06:24 INFO - received msg of type = timeout_message from id = replica_2
23:06:24 INFO - received msg of type = timeout_message from id = faulty_replica_0
23:06:24 INFO - received msg of type = timeout_message from id = replica_3
23:06:24 INFO - received msg of type = timeout_message from id = faulty_replica_1
23:06:24 INFO - received msg of type = timeout_message from id = faulty_replica_2
23:06:24 INFO - Local timeout round triggered for round = 0
23:06:24 INFO - Created Timeout Message for round = 0 and broadcasted
23:06:24 INFO - received msg of type = timeout_message from id = faulty_replica_3
23:06:24 INFO - received msg of type = timeout_message from id = replica_4
23:06:24 INFO - received msg of type = timeout_message from id = faulty_replica_4
23:06:25 INFO - received msg of type = timeout_message from id = replica_0
23:06:25 INFO - received msg of type = timeout_message from id = replica_1
23:06:25 INFO - received msg of type = timeout_message from id = replica_2
23:06:25 INFO - received msg of type = timeout_message from id = faulty_replica_0
23:06:25 INFO - received msg of type = timeout_message from id = replica_3
23:06:25 INFO - received msg of type = timeout_message from id = faulty_replica_1
23:06:25 INFO - received msg of type = timeout_message from id = faulty_replica_2
23:06:25 INFO - Local timeout round triggered for round = 0
23:06:25 INFO - Created Timeout Message for round = 0 and broadcasted
23:06:25 INFO - received msg of type = timeout_message from id = faulty_replica_3
23:06:25 INFO - received msg of type = timeout_message from id = replica_4
23:06:25 INFO - received msg of type = timeout_message from id = faulty_replica_4
23:06:26 INFO - received msg of type = timeout_message from id = replica_0
23:06:26 INFO - received msg of type = timeout_message from id = replica_1
23:06:26 INFO - received msg of type = timeout_message from id = replica_2
23:06:26 INFO - received msg of type = timeout_message from id = faulty_replica_0
23:06:26 INFO - received msg of type = timeout_message from id = replica_3
23:06:26 INFO - received msg of type = timeout_message from id = faulty_replica_1
23:06:26 INFO - received msg of type = timeout_message from id = faulty_replica_2
23:06:26 INFO - Local timeout round triggered for round = 0
23:06:26 INFO - Created Timeout Message for round = 0 and broadcasted
23:06:26 INFO - received msg of type = timeout_message from id = faulty_replica_3
23:06:26 INFO - received msg of type = timeout_message from id = replica_4
23:06:26 INFO - received msg of type = timeout_message from id = faulty_replica_4
23:06:27 INFO - received msg of type = timeout_message from id = replica_0
23:06:27 INFO - received msg of type = timeout_message from id = replica_1
23:06:27 INFO - received msg of type = timeout_message from id = replica_2
23:06:27 INFO - received msg of type = timeout_message from id = faulty_replica_0
23:06:27 INFO - received msg of type = timeout_message from id = replica_3
23:06:27 INFO - received msg of type = timeout_message from id = faulty_replica_1
23:06:27 INFO - received msg of type = timeout_message from id = faulty_replica_2
23:06:27 INFO - Local timeout round triggered for round = 0
23:06:27 INFO - Created Timeout Message for round = 0 and broadcasted
23:06:27 INFO - received msg of type = timeout_message from id = faulty_replica_3
23:06:27 INFO - received msg of type = timeout_message from id = replica_4
23:06:27 INFO - received msg of type = timeout_message from id = faulty_replica_4
23:06:28 INFO - received msg of type = timeout_message from id = replica_0
23:06:28 INFO - received msg of type = timeout_message from id = replica_1
23:06:28 INFO - received msg of type = timeout_message from id = replica_2
23:06:28 INFO - received msg of type = timeout_message from id = faulty_replica_0
23:06:28 INFO - received msg of type = timeout_message from id = replica_3
23:06:28 INFO - received msg of type = timeout_message from id = faulty_replica_1
23:06:28 INFO - received msg of type = timeout_message from id = faulty_replica_2
23:06:28 INFO - Local timeout round triggered for round = 0
23:06:28 INFO - Created Timeout Message for round = 0 and broadcasted
23:06:28 WARNING - terminating
23:21:02 INFO - faulty_replica_3 process is started
23:21:02 INFO - received msg of type = client_request from id = client_0
23:21:02 INFO - received msg of type = client_request from id = client_1
23:21:02 INFO - received msg of type = client_request from id = client_2
23:21:02 INFO - received msg of type = client_request from id = client_0
23:21:02 INFO - received msg of type = client_request from id = client_1
23:21:02 INFO - received msg of type = client_request from id = client_2
23:21:02 INFO - received msg of type = client_request from id = client_0
23:21:02 INFO - received msg of type = client_request from id = client_1
23:21:02 INFO - received msg of type = client_request from id = client_2
23:21:02 INFO - received msg of type = client_request from id = client_0
23:21:02 INFO - received msg of type = client_request from id = client_1
23:21:02 INFO - received msg of type = client_request from id = client_0
23:21:02 INFO - received msg of type = client_request from id = client_1
23:21:02 INFO - received msg of type = client_request from id = client_0
23:21:02 INFO - received msg of type = client_request from id = client_1
23:21:02 INFO - received msg of type = client_request from id = client_2
23:21:02 INFO - received msg of type = client_request from id = client_2
23:21:02 INFO - received msg of type = client_request from id = client_2
23:21:03 INFO - Local timeout round triggered for round = 0
23:21:03 INFO - Created Timeout Message for round = 0 and broadcasted
23:21:03 INFO - received msg of type = timeout_message from id = faulty_replica_0
23:21:03 INFO - received msg of type = timeout_message from id = replica_0
23:21:03 INFO - received msg of type = timeout_message from id = replica_1
23:21:03 INFO - received msg of type = timeout_message from id = replica_2
23:21:03 INFO - received msg of type = timeout_message from id = faulty_replica_1
23:21:03 INFO - received msg of type = timeout_message from id = replica_3
23:21:03 INFO - Local timeout round triggered for round = 0
23:21:03 INFO - Created Timeout Message for round = 0 and broadcasted
23:21:03 INFO - received msg of type = timeout_message from id = replica_4
23:21:03 INFO - received msg of type = timeout_message from id = faulty_replica_2
23:21:03 INFO - received msg of type = timeout_message from id = faulty_replica_3
23:21:03 INFO - received msg of type = timeout_message from id = faulty_replica_4
23:21:03 INFO - received msg of type = timeout_message from id = replica_1
23:21:03 INFO - received msg of type = timeout_message from id = faulty_replica_0
23:21:03 INFO - received msg of type = timeout_message from id = replica_0
23:21:03 INFO - received msg of type = timeout_message from id = replica_3
23:21:03 INFO - received msg of type = timeout_message from id = replica_2
23:21:03 INFO - received msg of type = timeout_message from id = faulty_replica_1
23:21:03 INFO - received msg of type = timeout_message from id = faulty_replica_4
23:21:03 INFO - received msg of type = timeout_message from id = replica_4
23:21:03 INFO - received msg of type = timeout_message from id = faulty_replica_2
23:21:03 INFO - received msg of type = timeout_message from id = faulty_replica_3
23:21:04 INFO - received msg of type = timeout_message from id = replica_1
23:21:04 INFO - received msg of type = timeout_message from id = faulty_replica_0
23:21:04 INFO - received msg of type = timeout_message from id = replica_0
23:21:04 INFO - received msg of type = timeout_message from id = replica_3
23:21:04 INFO - received msg of type = timeout_message from id = faulty_replica_1
23:21:04 INFO - received msg of type = timeout_message from id = replica_2
23:21:04 INFO - received msg of type = timeout_message from id = faulty_replica_4
23:21:04 INFO - received msg of type = timeout_message from id = replica_4
23:21:04 INFO - Local timeout round triggered for round = 0
23:21:04 INFO - Created Timeout Message for round = 0 and broadcasted
23:21:04 INFO - received msg of type = timeout_message from id = faulty_replica_2
23:21:04 INFO - received msg of type = timeout_message from id = faulty_replica_3
23:21:05 INFO - received msg of type = timeout_message from id = replica_1
23:21:05 INFO - received msg of type = timeout_message from id = replica_0
23:21:05 INFO - received msg of type = timeout_message from id = faulty_replica_0
23:21:05 INFO - received msg of type = timeout_message from id = replica_3
23:21:05 INFO - received msg of type = timeout_message from id = faulty_replica_1
23:21:05 INFO - received msg of type = timeout_message from id = replica_2
23:21:05 INFO - received msg of type = timeout_message from id = faulty_replica_4
23:21:05 INFO - received msg of type = timeout_message from id = replica_4
23:21:05 INFO - Local timeout round triggered for round = 0
23:21:05 INFO - Created Timeout Message for round = 0 and broadcasted
23:21:05 INFO - received msg of type = timeout_message from id = faulty_replica_2
23:21:05 INFO - received msg of type = timeout_message from id = faulty_replica_3
23:21:06 INFO - received msg of type = timeout_message from id = replica_1
23:21:06 INFO - received msg of type = timeout_message from id = replica_0
23:21:06 INFO - received msg of type = timeout_message from id = faulty_replica_0
23:21:06 INFO - received msg of type = timeout_message from id = replica_3
23:21:06 INFO - received msg of type = timeout_message from id = faulty_replica_1
23:21:06 INFO - received msg of type = timeout_message from id = replica_2
23:21:06 INFO - received msg of type = timeout_message from id = faulty_replica_4
23:21:06 INFO - received msg of type = timeout_message from id = replica_4
23:21:06 INFO - Local timeout round triggered for round = 0
23:21:06 INFO - Created Timeout Message for round = 0 and broadcasted
23:21:06 INFO - received msg of type = timeout_message from id = faulty_replica_2
23:21:06 INFO - received msg of type = timeout_message from id = faulty_replica_3
23:21:07 INFO - received msg of type = timeout_message from id = replica_1
23:21:07 INFO - received msg of type = timeout_message from id = replica_0
23:21:07 INFO - received msg of type = timeout_message from id = faulty_replica_0
23:21:07 INFO - received msg of type = timeout_message from id = replica_3
23:21:07 INFO - received msg of type = timeout_message from id = faulty_replica_1
23:21:07 INFO - received msg of type = timeout_message from id = replica_2
23:21:07 INFO - received msg of type = timeout_message from id = replica_4
23:21:07 INFO - received msg of type = timeout_message from id = faulty_replica_4
23:21:07 INFO - Local timeout round triggered for round = 0
23:21:07 INFO - Created Timeout Message for round = 0 and broadcasted
23:21:07 INFO - received msg of type = timeout_message from id = faulty_replica_2
23:21:07 INFO - received msg of type = timeout_message from id = faulty_replica_3
23:21:08 INFO - received msg of type = timeout_message from id = replica_1
23:21:08 INFO - received msg of type = timeout_message from id = replica_0
23:21:08 INFO - received msg of type = timeout_message from id = faulty_replica_0
23:21:08 INFO - received msg of type = timeout_message from id = replica_3
23:21:08 INFO - received msg of type = timeout_message from id = faulty_replica_1
23:21:08 INFO - received msg of type = timeout_message from id = replica_2
23:21:08 INFO - received msg of type = timeout_message from id = replica_4
23:21:08 INFO - received msg of type = timeout_message from id = faulty_replica_4
23:21:08 INFO - Local timeout round triggered for round = 0
23:21:08 INFO - Created Timeout Message for round = 0 and broadcasted
23:21:08 INFO - received msg of type = timeout_message from id = faulty_replica_2
23:21:08 INFO - received msg of type = timeout_message from id = faulty_replica_3
