16:50:54 INFO - replica_0 process is started
16:50:54 INFO - received msg of type = client_request from id = client_0
16:50:54 INFO - received msg of type = client_request from id = client_2
16:50:54 INFO - received msg of type = client_request from id = client_1
16:50:54 INFO - received msg of type = client_request from id = client_0
16:50:54 INFO - received msg of type = client_request from id = client_2
16:50:54 INFO - received msg of type = client_request from id = client_1
16:50:55 INFO - Local timeout round triggered for round = 0
16:50:55 INFO - Created Timeout Message for round = 0 and broadcasted
16:50:55 INFO - received msg of type = timeout_message from id = replica_0
16:50:55 INFO - received msg of type = timeout_message from id = replica_1
16:50:55 INFO - received msg of type = timeout_message from id = replica_2
16:50:55 INFO - received msg of type = timeout_message from id = replica_3
16:50:55 INFO - Local timeout round triggered for round = 0
16:50:55 INFO - Created Timeout Message for round = 0 and broadcasted
16:50:55 INFO - received msg of type = timeout_message from id = replica_4
16:50:55 INFO - received msg of type = timeout_message from id = replica_5
16:50:55 INFO - received msg of type = timeout_message from id = replica_6
16:50:55 INFO - TC created for round = 0
16:50:55 INFO - New round = 1 started
16:50:55 INFO - Generated block for txn = ['client_0-0:ikoaitynik'] in round = 1 and broadcasted
16:50:55 INFO - received msg of type = timeout_message from id = replica_7
16:50:55 INFO - received msg of type = timeout_message from id = replica_8
16:50:55 INFO - received msg of type = timeout_message from id = replica_9
16:50:55 INFO - received msg of type = timeout_message from id = replica_0
16:50:55 INFO - received msg of type = timeout_message from id = replica_1
16:50:55 INFO - received msg of type = timeout_message from id = replica_2
16:50:55 INFO - received msg of type = timeout_message from id = replica_3
16:50:55 INFO - received msg of type = timeout_message from id = replica_4
16:50:55 INFO - received msg of type = timeout_message from id = replica_7
16:50:55 INFO - received msg of type = timeout_message from id = replica_5
16:50:55 INFO - received msg of type = proposal_message from id = replica_0
16:50:55 INFO - vote created for round = 1, by = replica_0, send to leader = replica_1
16:50:55 INFO - received msg of type = timeout_message from id = replica_8
16:50:55 INFO - received msg of type = timeout_message from id = replica_6
16:50:55 INFO - received msg of type = timeout_message from id = replica_9
16:50:55 INFO - received msg of type = proposal_message from id = replica_1
16:50:55 INFO - New round = 2 started
16:50:55 INFO - vote created for round = 2, by = replica_0, send to leader = replica_1
16:50:55 INFO - received msg of type = proposal_message from id = replica_1
16:50:55 INFO - Ledger : commited block txn = ['client_0-0:ikoaitynik'], round = 1, author = replica_0
16:50:55 INFO - New round = 3 started
16:50:55 INFO - vote created for round = 3, by = replica_0, send to leader = replica_2
16:50:55 INFO - received msg of type = proposal_message from id = replica_2
16:50:55 INFO - Ledger : commited block txn = ['client_2-0:jbmzefwdug'], round = 2, author = replica_1
16:50:55 INFO - New round = 4 started
16:50:55 INFO - vote created for round = 4, by = replica_0, send to leader = replica_2
16:50:55 INFO - received msg of type = proposal_message from id = replica_2
16:50:55 INFO - Ledger : commited block txn = ['client_1-0:qyvgoxnvcb'], round = 3, author = replica_1
16:50:55 INFO - New round = 5 started
16:50:55 INFO - vote created for round = 5, by = replica_0, send to leader = replica_3
16:50:55 INFO - received msg of type = proposal_message from id = replica_3
16:50:55 INFO - Ledger : commited block txn = ['client_0-1:vvgtfacpmt'], round = 4, author = replica_2
16:50:55 INFO - New round = 6 started
16:50:55 INFO - vote created for round = 6, by = replica_0, send to leader = replica_3
16:50:55 INFO - received msg of type = proposal_message from id = replica_3
16:50:55 INFO - Ledger : commited block txn = ['client_2-1:shgvhyejoc'], round = 5, author = replica_2
16:50:55 INFO - New round = 7 started
16:50:55 INFO - vote created for round = 7, by = replica_0, send to leader = replica_4
16:50:56 INFO - received msg of type = timeout_message from id = replica_3
16:50:56 INFO - received msg of type = timeout_message from id = replica_1
16:50:56 INFO - Local timeout round triggered for round = 7
16:50:56 INFO - Created Timeout Message for round = 7 and broadcasted
16:50:56 INFO - received msg of type = timeout_message from id = replica_0
16:50:56 INFO - received msg of type = timeout_message from id = replica_2
16:50:56 INFO - Local timeout round triggered for round = 7
16:50:56 INFO - Created Timeout Message for round = 7 and broadcasted
16:50:56 INFO - received msg of type = timeout_message from id = replica_5
16:50:56 INFO - received msg of type = timeout_message from id = replica_7
16:50:56 INFO - received msg of type = timeout_message from id = replica_8
16:50:56 INFO - TC created for round = 7
16:50:56 INFO - New round = 8 started
16:50:56 INFO - received msg of type = timeout_message from id = replica_6
16:50:56 INFO - received msg of type = timeout_message from id = replica_9
16:50:56 INFO - received msg of type = timeout_message from id = replica_3
16:50:56 INFO - received msg of type = timeout_message from id = replica_1
16:50:56 INFO - received msg of type = timeout_message from id = replica_2
16:50:56 INFO - received msg of type = timeout_message from id = replica_5
16:50:56 INFO - received msg of type = timeout_message from id = replica_0
16:50:56 INFO - received msg of type = timeout_message from id = replica_8
16:50:56 INFO - received msg of type = timeout_message from id = replica_7
16:50:56 INFO - received msg of type = timeout_message from id = replica_9
16:50:56 INFO - received msg of type = timeout_message from id = replica_6
16:50:57 INFO - received msg of type = timeout_message from id = replica_3
16:50:57 INFO - Local timeout round triggered for round = 8
16:50:57 INFO - Created Timeout Message for round = 8 and broadcasted
16:50:57 INFO - received msg of type = timeout_message from id = replica_1
16:50:57 INFO - received msg of type = timeout_message from id = replica_5
16:50:57 INFO - received msg of type = timeout_message from id = replica_2
16:50:57 INFO - Local timeout round triggered for round = 8
16:50:57 INFO - Created Timeout Message for round = 8 and broadcasted
16:50:57 INFO - received msg of type = timeout_message from id = replica_0
16:50:57 INFO - received msg of type = timeout_message from id = replica_8
16:50:57 INFO - received msg of type = timeout_message from id = replica_7
16:50:57 INFO - TC created for round = 8
16:50:57 INFO - New round = 9 started
16:50:57 INFO - received msg of type = timeout_message from id = replica_9
16:50:57 INFO - received msg of type = timeout_message from id = replica_6
16:50:57 INFO - received msg of type = timeout_message from id = replica_4
16:50:57 INFO - Ledger : commited block txn = ['client_1-1:lttbjrlspj'], round = 6, author = replica_3
16:50:57 INFO - received msg of type = timeout_message from id = replica_3
16:50:57 INFO - received msg of type = timeout_message from id = replica_1
16:50:57 INFO - received msg of type = timeout_message from id = replica_5
16:50:57 INFO - received msg of type = timeout_message from id = replica_2
16:50:57 INFO - received msg of type = timeout_message from id = replica_0
16:50:57 INFO - received msg of type = timeout_message from id = replica_6
16:50:57 INFO - received msg of type = timeout_message from id = replica_8
16:50:58 INFO - received msg of type = timeout_message from id = replica_7
16:50:58 INFO - received msg of type = timeout_message from id = replica_9
16:50:58 WARNING - terminating
16:54:53 INFO - replica_0 process is started
16:55:06 INFO - replica_0 process is started
16:55:06 INFO - received msg of type = client_request from id = client_0
16:55:06 INFO - received msg of type = client_request from id = client_2
16:55:06 INFO - received msg of type = client_request from id = client_1
16:55:06 INFO - received msg of type = client_request from id = client_2
16:55:06 INFO - received msg of type = client_request from id = client_0
16:55:06 INFO - received msg of type = client_request from id = client_1
16:55:07 INFO - Local timeout round triggered for round = 0
16:55:07 INFO - Created Timeout Message for round = 0 and broadcasted
16:55:07 INFO - received msg of type = timeout_message from id = replica_0
16:55:07 INFO - received msg of type = timeout_message from id = replica_2
16:55:07 INFO - received msg of type = timeout_message from id = replica_3
16:55:07 INFO - received msg of type = timeout_message from id = replica_1
16:55:07 INFO - Local timeout round triggered for round = 0
16:55:07 INFO - Created Timeout Message for round = 0 and broadcasted
16:55:07 INFO - received msg of type = timeout_message from id = replica_4
16:55:07 INFO - received msg of type = timeout_message from id = replica_5
16:55:07 INFO - received msg of type = timeout_message from id = replica_6
16:55:07 INFO - TC created for round = 0
16:55:07 INFO - New round = 1 started
16:55:07 INFO - Generated block for txn = ['client_0-0:mmexgddgwy'] in round = 1 and broadcasted
16:55:07 INFO - received msg of type = timeout_message from id = replica_7
16:55:07 INFO - received msg of type = timeout_message from id = replica_8
16:55:07 INFO - received msg of type = timeout_message from id = replica_9
16:55:07 INFO - received msg of type = timeout_message from id = replica_0
16:55:07 INFO - received msg of type = timeout_message from id = replica_1
16:55:07 INFO - received msg of type = timeout_message from id = replica_2
16:55:07 INFO - received msg of type = timeout_message from id = replica_3
16:55:07 INFO - received msg of type = timeout_message from id = replica_4
16:55:07 INFO - received msg of type = timeout_message from id = replica_5
16:55:07 INFO - received msg of type = timeout_message from id = replica_6
16:55:07 INFO - received msg of type = timeout_message from id = replica_7
16:55:07 INFO - received msg of type = proposal_message from id = replica_0
16:55:07 INFO - vote created for round = 1, by = replica_0, send to leader = replica_1
16:55:07 INFO - received msg of type = timeout_message from id = replica_8
16:55:07 INFO - received msg of type = timeout_message from id = replica_9
16:55:07 INFO - received msg of type = proposal_message from id = replica_1
16:55:08 INFO - New round = 2 started
16:55:08 INFO - vote created for round = 2, by = replica_0, send to leader = replica_1
16:55:08 INFO - received msg of type = proposal_message from id = replica_1
16:55:08 INFO - Ledger : commited block txn = ['client_0-0:mmexgddgwy'], round = 1, author = replica_0
16:55:08 INFO - New round = 3 started
16:55:08 INFO - vote created for round = 3, by = replica_0, send to leader = replica_2
16:55:08 INFO - received msg of type = proposal_message from id = replica_2
16:55:08 INFO - Ledger : commited block txn = ['client_2-0:eobeywaaog'], round = 2, author = replica_1
16:55:08 INFO - New round = 4 started
16:55:08 INFO - vote created for round = 4, by = replica_0, send to leader = replica_2
16:55:08 INFO - received msg of type = proposal_message from id = replica_2
16:55:08 INFO - Ledger : commited block txn = ['client_1-0:cngjtmncvk'], round = 3, author = replica_1
16:55:08 INFO - New round = 5 started
16:55:08 INFO - vote created for round = 5, by = replica_0, send to leader = replica_3
16:55:08 INFO - received msg of type = proposal_message from id = replica_3
16:55:08 INFO - Ledger : commited block txn = ['client_2-1:swvhqgvzlx'], round = 4, author = replica_2
16:55:08 INFO - New round = 6 started
16:55:08 INFO - vote created for round = 6, by = replica_0, send to leader = replica_3
16:55:08 INFO - received msg of type = proposal_message from id = replica_3
16:55:08 INFO - Ledger : commited block txn = ['client_0-1:tvixeqnrtl'], round = 5, author = replica_2
16:55:08 INFO - New round = 7 started
16:55:08 INFO - vote created for round = 7, by = replica_0, send to leader = replica_4
16:55:09 INFO - received msg of type = timeout_message from id = replica_3
16:55:09 INFO - Local timeout round triggered for round = 7
16:55:09 INFO - Created Timeout Message for round = 7 and broadcasted
16:55:09 INFO - received msg of type = timeout_message from id = replica_0
16:55:09 INFO - received msg of type = timeout_message from id = replica_5
16:55:09 INFO - received msg of type = timeout_message from id = replica_7
16:55:09 INFO - Local timeout round triggered for round = 7
16:55:09 INFO - Created Timeout Message for round = 7 and broadcasted
16:55:09 INFO - received msg of type = timeout_message from id = replica_1
16:55:09 INFO - received msg of type = timeout_message from id = replica_2
16:55:09 INFO - received msg of type = timeout_message from id = replica_6
16:55:09 INFO - TC created for round = 7
16:55:09 INFO - New round = 8 started
16:55:09 INFO - received msg of type = timeout_message from id = replica_8
16:55:09 INFO - received msg of type = timeout_message from id = replica_9
16:55:09 INFO - received msg of type = timeout_message from id = replica_3
16:55:09 INFO - received msg of type = timeout_message from id = replica_0
16:55:09 INFO - received msg of type = timeout_message from id = replica_1
16:55:09 INFO - received msg of type = timeout_message from id = replica_5
16:55:09 INFO - received msg of type = timeout_message from id = replica_6
16:55:09 INFO - received msg of type = timeout_message from id = replica_2
16:55:09 INFO - received msg of type = timeout_message from id = replica_9
16:55:09 INFO - received msg of type = timeout_message from id = replica_8
16:55:09 INFO - received msg of type = timeout_message from id = replica_7
16:55:10 INFO - Local timeout round triggered for round = 8
16:55:10 INFO - Created Timeout Message for round = 8 and broadcasted
16:55:10 INFO - received msg of type = timeout_message from id = replica_3
16:55:10 INFO - received msg of type = timeout_message from id = replica_0
16:55:10 INFO - received msg of type = timeout_message from id = replica_2
16:55:10 INFO - received msg of type = timeout_message from id = replica_1
16:55:10 INFO - Local timeout round triggered for round = 8
16:55:10 INFO - Created Timeout Message for round = 8 and broadcasted
16:55:10 INFO - received msg of type = timeout_message from id = replica_7
16:55:10 INFO - received msg of type = timeout_message from id = replica_5
16:55:10 INFO - received msg of type = timeout_message from id = replica_6
16:55:10 INFO - TC created for round = 8
16:55:10 INFO - New round = 9 started
16:55:10 INFO - received msg of type = timeout_message from id = replica_8
16:55:10 INFO - received msg of type = timeout_message from id = replica_9
16:55:10 INFO - received msg of type = timeout_message from id = replica_4
16:55:10 INFO - Ledger : commited block txn = ['client_1-1:tongcunvyc'], round = 6, author = replica_3
16:55:10 INFO - received msg of type = timeout_message from id = replica_3
16:55:10 INFO - received msg of type = timeout_message from id = replica_0
16:55:10 INFO - received msg of type = timeout_message from id = replica_7
16:55:10 INFO - received msg of type = timeout_message from id = replica_5
16:55:10 INFO - received msg of type = timeout_message from id = replica_8
16:55:10 INFO - received msg of type = timeout_message from id = replica_9
16:55:10 INFO - received msg of type = timeout_message from id = replica_1
16:55:10 INFO - received msg of type = timeout_message from id = replica_2
16:55:10 INFO - received msg of type = timeout_message from id = replica_6
16:55:11 WARNING - terminating
