21:43:39 INFO - replica_1 process is started
21:43:39 INFO - received msg of type = client_request from id = client_1
21:43:39 INFO - received msg of type = client_request from id = client_2
21:43:39 INFO - received msg of type = client_request from id = client_0
21:43:40 INFO - Local timeout round triggered for round = 0
21:43:40 INFO - Created Timeout Message for round = 0 and broadcasted
21:43:40 INFO - received msg of type = timeout_message from id = replica_0
21:43:40 INFO - received msg of type = timeout_message from id = replica_2
21:43:40 INFO - received msg of type = timeout_message from id = replica_1
21:43:40 INFO - received msg of type = timeout_message from id = faulty_replica_0
21:43:40 INFO - Local timeout round triggered for round = 0
21:43:40 INFO - Created Timeout Message for round = 0 and broadcasted
21:43:40 INFO - received msg of type = timeout_message from id = replica_3
21:43:40 INFO - received msg of type = timeout_message from id = replica_4
21:43:40 INFO - received msg of type = timeout_message from id = faulty_replica_1
21:43:40 INFO - TC created for round = 0
21:43:40 INFO - New round = 1 started
21:43:40 INFO - received msg of type = timeout_message from id = replica_5
21:43:40 INFO - received msg of type = timeout_message from id = replica_6
21:43:40 INFO - received msg of type = timeout_message from id = faulty_replica_2
21:43:40 INFO - received msg of type = timeout_message from id = replica_2
21:43:40 INFO - received msg of type = timeout_message from id = faulty_replica_0
21:43:40 INFO - received msg of type = timeout_message from id = replica_1
21:43:40 INFO - received msg of type = timeout_message from id = replica_0
21:43:40 INFO - received msg of type = timeout_message from id = replica_3
21:43:40 INFO - received msg of type = timeout_message from id = replica_5
21:43:40 INFO - received msg of type = timeout_message from id = faulty_replica_1
21:43:40 INFO - received msg of type = timeout_message from id = faulty_replica_2
21:43:40 INFO - received msg of type = proposal_message from id = replica_0
21:43:40 INFO - vote created for round = 1, by = replica_1, send to leader = replica_1
21:43:40 INFO - received msg of type = timeout_message from id = replica_6
21:43:40 INFO - received msg of type = timeout_message from id = replica_4
21:43:40 INFO - received msg of type = vote_message from id = replica_2
21:43:40 INFO - received msg of type = vote_message from id = replica_3
21:43:40 INFO - received msg of type = vote_message from id = faulty_replica_0
21:43:40 INFO - received msg of type = vote_message from id = replica_1
21:43:40 INFO - received msg of type = vote_message from id = replica_0
21:43:40 INFO - received msg of type = vote_message from id = faulty_replica_1
21:43:40 INFO - received msg of type = vote_message from id = replica_6
21:43:40 INFO - QC created for round = 1 and parent round = -1
21:43:40 INFO - New round = 2 started
21:43:40 INFO - Generated block for txn = ['client_2-0:cymlxilgjg'] in round = 2 and broadcasted
21:43:40 INFO - received msg of type = vote_message from id = replica_5
21:43:40 INFO - received msg of type = vote_message from id = replica_4
21:43:40 INFO - received msg of type = proposal_message from id = replica_1
21:43:40 INFO - vote created for round = 2, by = replica_1, send to leader = replica_1
21:43:40 INFO - received msg of type = vote_message from id = faulty_replica_0
21:43:40 INFO - received msg of type = vote_message from id = replica_0
21:43:40 INFO - received msg of type = vote_message from id = replica_4
21:43:40 INFO - received msg of type = vote_message from id = faulty_replica_1
21:43:40 INFO - received msg of type = vote_message from id = faulty_replica_2
21:43:40 INFO - received msg of type = vote_message from id = replica_2
21:43:40 INFO - received msg of type = vote_message from id = replica_6
21:43:40 INFO - QC created for round = 2 and parent round = 1
21:43:40 INFO - Ledger : commited block txn = ['client_1-0:bxqolanlxr'], round = 1, author = replica_0
21:43:40 INFO - New round = 3 started
21:43:40 INFO - Generated block for txn = ['client_0-0:sqmrssbqbs'] in round = 3 and broadcasted
21:43:40 INFO - received msg of type = vote_message from id = replica_3
21:43:40 INFO - received msg of type = vote_message from id = replica_5
21:43:40 INFO - received msg of type = vote_message from id = replica_1
21:43:40 INFO - received msg of type = proposal_message from id = replica_1
21:43:40 INFO - vote created for round = 3, by = replica_1, send to leader = replica_2
21:43:41 INFO - received msg of type = proposal_message from id = replica_2
21:43:41 INFO - Ledger : commited block txn = ['client_2-0:cymlxilgjg'], round = 2, author = replica_1
21:43:41 INFO - New round = 4 started
21:43:41 INFO - vote created for round = 4, by = replica_1, send to leader = replica_2
21:43:41 INFO - received msg of type = client_request from id = client_1
21:43:41 INFO - received msg of type = client_request from id = client_2
21:43:41 INFO - received msg of type = client_request from id = client_0
21:43:42 INFO - Local timeout round triggered for round = 4
21:43:42 INFO - Created Timeout Message for round = 4 and broadcasted
21:43:42 INFO - received msg of type = timeout_message from id = replica_1
21:43:42 INFO - received msg of type = timeout_message from id = replica_0
21:43:42 INFO - received msg of type = timeout_message from id = faulty_replica_0
21:43:42 INFO - received msg of type = timeout_message from id = replica_3
21:43:42 INFO - Local timeout round triggered for round = 4
21:43:42 INFO - Created Timeout Message for round = 4 and broadcasted
21:43:42 INFO - received msg of type = timeout_message from id = replica_5
21:43:42 INFO - received msg of type = timeout_message from id = replica_4
21:43:42 INFO - received msg of type = timeout_message from id = replica_6
21:43:42 INFO - TC created for round = 4
21:43:42 INFO - New round = 5 started
21:43:42 INFO - received msg of type = timeout_message from id = faulty_replica_2
21:43:42 INFO - received msg of type = timeout_message from id = faulty_replica_1
21:43:42 INFO - received msg of type = timeout_message from id = replica_1
21:43:42 INFO - received msg of type = timeout_message from id = replica_2
21:43:42 INFO - Ledger : commited block txn = ['client_0-0:sqmrssbqbs'], round = 3, author = replica_1
21:43:42 INFO - received msg of type = timeout_message from id = replica_0
21:43:42 INFO - received msg of type = timeout_message from id = replica_5
21:43:42 INFO - received msg of type = timeout_message from id = replica_4
21:43:42 INFO - received msg of type = timeout_message from id = faulty_replica_2
21:43:42 INFO - received msg of type = timeout_message from id = faulty_replica_1
21:43:42 INFO - received msg of type = timeout_message from id = replica_6
21:43:42 INFO - received msg of type = timeout_message from id = replica_3
21:43:42 INFO - received msg of type = timeout_message from id = faulty_replica_0
21:43:43 INFO - received msg of type = timeout_message from id = replica_2
21:43:43 INFO - Local timeout round triggered for round = 5
21:43:43 INFO - Created Timeout Message for round = 5 and broadcasted
21:43:43 INFO - received msg of type = timeout_message from id = replica_1
21:43:43 INFO - received msg of type = timeout_message from id = replica_4
21:43:43 INFO - received msg of type = timeout_message from id = faulty_replica_2
21:43:43 INFO - Local timeout round triggered for round = 5
21:43:43 INFO - Created Timeout Message for round = 5 and broadcasted
21:43:43 INFO - received msg of type = timeout_message from id = replica_0
21:43:43 INFO - received msg of type = timeout_message from id = replica_3
21:43:43 INFO - received msg of type = timeout_message from id = replica_5
21:43:43 INFO - TC created for round = 5
21:43:43 INFO - New round = 6 started
21:43:43 INFO - received msg of type = timeout_message from id = replica_6
21:43:43 INFO - received msg of type = timeout_message from id = replica_1
21:43:43 INFO - received msg of type = timeout_message from id = replica_2
21:43:43 INFO - received msg of type = timeout_message from id = faulty_replica_0
21:43:43 INFO - received msg of type = timeout_message from id = faulty_replica_1
21:43:43 INFO - received msg of type = timeout_message from id = faulty_replica_2
21:43:43 INFO - received msg of type = timeout_message from id = replica_4
21:43:43 INFO - received msg of type = timeout_message from id = replica_3
21:43:43 INFO - received msg of type = timeout_message from id = replica_0
21:43:43 INFO - received msg of type = timeout_message from id = replica_5
21:43:43 INFO - received msg of type = timeout_message from id = replica_6
21:43:43 INFO - received msg of type = timeout_message from id = faulty_replica_1
21:43:43 INFO - received msg of type = proposal_message from id = replica_3
21:43:43 INFO - vote created for round = 6, by = replica_1, send to leader = replica_3
21:43:43 INFO - received msg of type = proposal_message from id = replica_3
21:43:43 INFO - New round = 7 started
21:43:43 INFO - vote created for round = 7, by = replica_1, send to leader = replica_4
21:43:43 INFO - received msg of type = client_request from id = client_1
21:43:43 INFO - received msg of type = client_request from id = client_2
21:43:43 INFO - received msg of type = client_request from id = client_0
21:43:43 INFO - received msg of type = proposal_message from id = replica_4
21:43:43 INFO - Ledger : commited block txn = ['client_1-1:khpjcebdgl'], round = 6, author = replica_3
21:43:43 INFO - New round = 8 started
21:43:43 INFO - vote created for round = 8, by = replica_1, send to leader = replica_4
21:43:43 INFO - received msg of type = proposal_message from id = replica_4
21:43:43 INFO - Ledger : commited block txn = ['client_2-1:lrlxmgcmlt'], round = 7, author = replica_3
21:43:43 INFO - New round = 9 started
21:43:43 INFO - vote created for round = 9, by = replica_1, send to leader = replica_5
21:43:43 INFO - received msg of type = proposal_message from id = replica_5
21:43:43 INFO - Ledger : commited block txn = ['client_0-1:ujddimlsmg'], round = 8, author = replica_4
21:43:43 INFO - New round = 10 started
21:43:44 INFO - vote created for round = 10, by = replica_1, send to leader = replica_5
21:43:44 INFO - received msg of type = proposal_message from id = replica_5
21:43:44 INFO - Ledger : commited block txn = ['client_1-2:hkovooukug'], round = 9, author = replica_4
21:43:44 INFO - New round = 11 started
21:43:44 INFO - vote created for round = 11, by = replica_1, send to leader = replica_6
21:43:44 INFO - received msg of type = proposal_message from id = replica_6
21:43:44 INFO - Ledger : commited block txn = ['client_2-2:icrtqdfmjw'], round = 10, author = replica_5
21:43:44 INFO - New round = 12 started
21:43:44 INFO - vote created for round = 12, by = replica_1, send to leader = replica_6
21:43:45 INFO - Local timeout round triggered for round = 12
21:43:45 INFO - Created Timeout Message for round = 12 and broadcasted
21:43:45 INFO - received msg of type = timeout_message from id = replica_1
21:43:45 INFO - received msg of type = timeout_message from id = replica_0
21:43:45 INFO - received msg of type = timeout_message from id = replica_2
21:43:45 INFO - received msg of type = timeout_message from id = replica_5
21:43:45 INFO - Local timeout round triggered for round = 12
21:43:45 INFO - Created Timeout Message for round = 12 and broadcasted
21:43:45 INFO - received msg of type = timeout_message from id = faulty_replica_0
21:43:45 INFO - received msg of type = timeout_message from id = replica_3
21:43:45 INFO - received msg of type = timeout_message from id = replica_4
21:43:45 INFO - TC created for round = 12
21:43:45 INFO - New round = 13 started
21:43:45 INFO - received msg of type = timeout_message from id = faulty_replica_1
21:43:45 INFO - received msg of type = timeout_message from id = faulty_replica_2
21:43:45 INFO - received msg of type = timeout_message from id = replica_1
21:43:45 INFO - received msg of type = timeout_message from id = replica_0
21:43:45 INFO - received msg of type = timeout_message from id = replica_2
21:43:45 INFO - received msg of type = timeout_message from id = replica_4
21:43:45 INFO - received msg of type = timeout_message from id = replica_5
21:43:45 INFO - received msg of type = timeout_message from id = faulty_replica_2
21:43:45 INFO - received msg of type = timeout_message from id = faulty_replica_0
21:43:45 INFO - received msg of type = timeout_message from id = replica_3
21:43:45 INFO - received msg of type = timeout_message from id = faulty_replica_1
21:43:46 INFO - Local timeout round triggered for round = 13
21:43:46 INFO - Created Timeout Message for round = 13 and broadcasted
21:43:46 INFO - received msg of type = timeout_message from id = replica_1
21:43:46 INFO - received msg of type = timeout_message from id = replica_4
21:43:46 INFO - received msg of type = timeout_message from id = replica_0
21:43:46 INFO - received msg of type = timeout_message from id = replica_5
21:43:46 INFO - Local timeout round triggered for round = 13
21:43:46 INFO - Created Timeout Message for round = 13 and broadcasted
21:43:46 INFO - received msg of type = timeout_message from id = replica_3
21:43:46 INFO - received msg of type = timeout_message from id = replica_2
21:43:46 INFO - received msg of type = timeout_message from id = faulty_replica_2
21:43:46 INFO - TC created for round = 13
21:43:46 INFO - New round = 14 started
21:43:46 INFO - received msg of type = timeout_message from id = faulty_replica_0
21:43:46 INFO - received msg of type = timeout_message from id = faulty_replica_1
21:43:46 INFO - received msg of type = timeout_message from id = replica_1
21:43:46 INFO - received msg of type = timeout_message from id = replica_6
21:43:46 INFO - Ledger : commited block txn = ['client_0-2:ehntzxbybj'], round = 11, author = replica_5
21:43:46 INFO - received msg of type = timeout_message from id = replica_4
21:43:46 INFO - received msg of type = timeout_message from id = replica_5
21:43:46 INFO - received msg of type = timeout_message from id = replica_2
21:43:46 INFO - received msg of type = timeout_message from id = replica_3
21:43:46 INFO - received msg of type = timeout_message from id = replica_0
21:43:46 INFO - received msg of type = timeout_message from id = faulty_replica_0
21:43:46 INFO - received msg of type = timeout_message from id = faulty_replica_1
21:43:46 INFO - received msg of type = timeout_message from id = faulty_replica_2
21:43:46 INFO - received msg of type = proposal_message from id = faulty_replica_0
21:43:46 INFO - vote created for round = 14, by = replica_1, send to leader = faulty_replica_0
21:43:47 WARNING - terminating
23:06:03 INFO - replica_1 process is started
23:06:03 INFO - received msg of type = client_request from id = client_1
23:06:03 INFO - received msg of type = client_request from id = client_0
23:06:03 INFO - received msg of type = client_request from id = client_2
23:06:03 INFO - received msg of type = client_request from id = client_1
23:06:03 INFO - received msg of type = client_request from id = client_0
23:06:03 INFO - received msg of type = client_request from id = client_1
23:06:03 INFO - received msg of type = client_request from id = client_2
23:06:03 INFO - received msg of type = client_request from id = client_1
23:06:03 INFO - received msg of type = client_request from id = client_0
23:06:03 INFO - received msg of type = client_request from id = client_2
23:06:03 INFO - received msg of type = client_request from id = client_1
23:06:03 INFO - received msg of type = client_request from id = client_0
23:06:03 INFO - received msg of type = client_request from id = client_2
23:06:03 INFO - received msg of type = client_request from id = client_0
23:06:03 INFO - received msg of type = client_request from id = client_2
23:06:03 INFO - received msg of type = client_request from id = client_0
23:06:03 INFO - received msg of type = client_request from id = client_1
23:06:03 INFO - received msg of type = client_request from id = client_2
23:06:04 INFO - Local timeout round triggered for round = 0
23:06:04 INFO - Created Timeout Message for round = 0 and broadcasted
23:06:04 INFO - received msg of type = timeout_message from id = replica_0
23:06:04 INFO - received msg of type = timeout_message from id = replica_1
23:06:04 INFO - received msg of type = timeout_message from id = replica_2
23:06:04 INFO - received msg of type = timeout_message from id = faulty_replica_0
23:06:04 INFO - received msg of type = timeout_message from id = faulty_replica_1
23:06:04 INFO - received msg of type = timeout_message from id = replica_3
23:06:04 INFO - Local timeout round triggered for round = 0
23:06:04 INFO - Created Timeout Message for round = 0 and broadcasted
23:06:04 INFO - received msg of type = timeout_message from id = faulty_replica_2
23:06:04 INFO - received msg of type = timeout_message from id = replica_4
23:06:04 INFO - received msg of type = timeout_message from id = faulty_replica_3
23:06:04 INFO - received msg of type = timeout_message from id = faulty_replica_4
23:06:04 INFO - received msg of type = timeout_message from id = replica_1
23:06:04 INFO - received msg of type = timeout_message from id = replica_0
23:06:04 INFO - received msg of type = timeout_message from id = replica_2
23:06:04 INFO - received msg of type = timeout_message from id = faulty_replica_0
23:06:04 INFO - received msg of type = timeout_message from id = faulty_replica_1
23:06:04 INFO - received msg of type = timeout_message from id = faulty_replica_2
23:06:04 INFO - received msg of type = timeout_message from id = replica_3
23:06:04 INFO - received msg of type = timeout_message from id = faulty_replica_3
23:06:04 INFO - received msg of type = timeout_message from id = replica_4
23:06:04 INFO - received msg of type = timeout_message from id = faulty_replica_4
23:06:05 INFO - Local timeout round triggered for round = 0
23:06:05 INFO - Created Timeout Message for round = 0 and broadcasted
23:06:05 INFO - received msg of type = timeout_message from id = replica_1
23:06:05 INFO - received msg of type = timeout_message from id = replica_0
23:06:05 INFO - received msg of type = timeout_message from id = replica_2
23:06:05 INFO - received msg of type = timeout_message from id = faulty_replica_0
23:06:05 INFO - received msg of type = timeout_message from id = faulty_replica_1
23:06:05 INFO - received msg of type = timeout_message from id = faulty_replica_2
23:06:05 INFO - received msg of type = timeout_message from id = replica_3
23:06:05 INFO - received msg of type = timeout_message from id = faulty_replica_3
23:06:05 INFO - received msg of type = timeout_message from id = replica_4
23:06:05 INFO - received msg of type = timeout_message from id = faulty_replica_4
23:06:06 INFO - Local timeout round triggered for round = 0
23:06:06 INFO - Created Timeout Message for round = 0 and broadcasted
23:06:06 INFO - received msg of type = timeout_message from id = replica_1
23:06:06 INFO - received msg of type = timeout_message from id = replica_0
23:06:06 INFO - received msg of type = timeout_message from id = replica_2
23:06:06 INFO - received msg of type = timeout_message from id = faulty_replica_0
23:06:06 INFO - received msg of type = timeout_message from id = faulty_replica_1
23:06:06 INFO - received msg of type = timeout_message from id = faulty_replica_2
23:06:06 INFO - received msg of type = timeout_message from id = replica_3
23:06:06 INFO - received msg of type = timeout_message from id = replica_4
23:06:06 INFO - received msg of type = timeout_message from id = faulty_replica_3
23:06:06 INFO - received msg of type = timeout_message from id = faulty_replica_4
23:06:07 INFO - Local timeout round triggered for round = 0
23:06:07 INFO - Created Timeout Message for round = 0 and broadcasted
23:06:07 INFO - received msg of type = timeout_message from id = replica_1
23:06:07 INFO - received msg of type = timeout_message from id = replica_0
23:06:07 INFO - received msg of type = timeout_message from id = replica_2
23:06:07 INFO - received msg of type = timeout_message from id = faulty_replica_0
23:06:07 INFO - received msg of type = timeout_message from id = faulty_replica_1
23:06:07 INFO - received msg of type = timeout_message from id = faulty_replica_2
23:06:07 INFO - received msg of type = timeout_message from id = replica_3
23:06:07 INFO - received msg of type = timeout_message from id = faulty_replica_3
23:06:07 INFO - received msg of type = timeout_message from id = faulty_replica_4
23:06:07 INFO - received msg of type = timeout_message from id = replica_4
23:06:08 INFO - Local timeout round triggered for round = 0
23:06:08 INFO - Created Timeout Message for round = 0 and broadcasted
23:06:08 INFO - received msg of type = timeout_message from id = replica_1
23:06:08 INFO - received msg of type = timeout_message from id = replica_0
23:06:08 INFO - received msg of type = timeout_message from id = replica_2
23:06:08 INFO - received msg of type = timeout_message from id = faulty_replica_0
23:06:08 INFO - received msg of type = timeout_message from id = faulty_replica_1
23:06:08 INFO - received msg of type = timeout_message from id = replica_3
23:06:08 INFO - received msg of type = timeout_message from id = faulty_replica_2
23:06:08 INFO - received msg of type = timeout_message from id = faulty_replica_3
23:06:08 INFO - received msg of type = timeout_message from id = replica_4
23:06:08 INFO - received msg of type = timeout_message from id = faulty_replica_4
23:06:09 INFO - Local timeout round triggered for round = 0
23:06:09 INFO - Created Timeout Message for round = 0 and broadcasted
23:06:09 INFO - received msg of type = timeout_message from id = replica_1
23:06:09 INFO - received msg of type = timeout_message from id = replica_0
23:06:09 INFO - received msg of type = timeout_message from id = faulty_replica_0
23:06:09 INFO - received msg of type = timeout_message from id = replica_2
23:06:09 INFO - received msg of type = timeout_message from id = faulty_replica_1
23:06:09 INFO - received msg of type = timeout_message from id = replica_3
23:06:09 INFO - received msg of type = timeout_message from id = faulty_replica_2
23:06:09 INFO - received msg of type = timeout_message from id = faulty_replica_3
23:06:09 INFO - received msg of type = timeout_message from id = replica_4
23:06:09 INFO - received msg of type = timeout_message from id = faulty_replica_4
23:06:10 INFO - Local timeout round triggered for round = 0
23:06:10 INFO - Created Timeout Message for round = 0 and broadcasted
23:06:10 INFO - received msg of type = timeout_message from id = replica_1
23:06:10 INFO - received msg of type = timeout_message from id = replica_0
23:06:10 INFO - received msg of type = timeout_message from id = replica_2
23:06:10 INFO - received msg of type = timeout_message from id = faulty_replica_0
23:06:10 INFO - received msg of type = timeout_message from id = faulty_replica_1
23:06:10 INFO - received msg of type = timeout_message from id = replica_3
23:06:10 INFO - received msg of type = timeout_message from id = faulty_replica_2
23:06:10 INFO - received msg of type = timeout_message from id = faulty_replica_3
23:06:10 INFO - received msg of type = timeout_message from id = replica_4
23:06:10 INFO - received msg of type = timeout_message from id = faulty_replica_4
23:06:11 INFO - Local timeout round triggered for round = 0
23:06:11 INFO - Created Timeout Message for round = 0 and broadcasted
23:06:11 INFO - received msg of type = timeout_message from id = replica_1
23:06:11 INFO - received msg of type = timeout_message from id = replica_0
23:06:11 INFO - received msg of type = timeout_message from id = replica_2
23:06:11 INFO - received msg of type = timeout_message from id = faulty_replica_0
23:06:11 INFO - received msg of type = timeout_message from id = faulty_replica_1
23:06:11 INFO - received msg of type = timeout_message from id = replica_3
23:06:11 INFO - received msg of type = timeout_message from id = faulty_replica_2
23:06:11 INFO - received msg of type = timeout_message from id = faulty_replica_3
23:06:11 INFO - received msg of type = timeout_message from id = faulty_replica_4
23:06:11 INFO - received msg of type = timeout_message from id = replica_4
23:06:12 INFO - Local timeout round triggered for round = 0
23:06:12 INFO - Created Timeout Message for round = 0 and broadcasted
23:06:12 INFO - received msg of type = timeout_message from id = replica_1
23:06:12 INFO - received msg of type = timeout_message from id = replica_0
23:06:12 INFO - received msg of type = timeout_message from id = replica_2
23:06:12 INFO - received msg of type = timeout_message from id = faulty_replica_0
23:06:12 INFO - received msg of type = timeout_message from id = replica_3
23:06:12 INFO - received msg of type = timeout_message from id = faulty_replica_1
23:06:12 INFO - received msg of type = timeout_message from id = faulty_replica_3
23:06:12 INFO - received msg of type = timeout_message from id = faulty_replica_2
23:06:12 INFO - received msg of type = timeout_message from id = replica_4
23:06:12 INFO - received msg of type = timeout_message from id = faulty_replica_4
23:06:13 INFO - Local timeout round triggered for round = 0
23:06:13 INFO - Created Timeout Message for round = 0 and broadcasted
23:06:13 INFO - received msg of type = timeout_message from id = replica_1
23:06:13 INFO - received msg of type = timeout_message from id = replica_0
23:06:13 INFO - received msg of type = timeout_message from id = replica_2
23:06:13 INFO - received msg of type = timeout_message from id = faulty_replica_0
23:06:13 INFO - received msg of type = timeout_message from id = replica_3
23:06:13 INFO - received msg of type = timeout_message from id = faulty_replica_1
23:06:13 INFO - received msg of type = timeout_message from id = faulty_replica_2
23:06:13 INFO - received msg of type = timeout_message from id = faulty_replica_3
23:06:13 INFO - received msg of type = timeout_message from id = replica_4
23:06:13 INFO - received msg of type = timeout_message from id = faulty_replica_4
23:06:14 INFO - Local timeout round triggered for round = 0
23:06:14 INFO - Created Timeout Message for round = 0 and broadcasted
23:06:14 INFO - received msg of type = timeout_message from id = replica_1
23:06:14 INFO - received msg of type = timeout_message from id = replica_0
23:06:14 INFO - received msg of type = timeout_message from id = replica_2
23:06:14 INFO - received msg of type = timeout_message from id = faulty_replica_0
23:06:14 INFO - received msg of type = timeout_message from id = replica_3
23:06:14 INFO - received msg of type = timeout_message from id = faulty_replica_1
23:06:14 INFO - received msg of type = timeout_message from id = faulty_replica_3
23:06:14 INFO - received msg of type = timeout_message from id = faulty_replica_2
23:06:14 INFO - received msg of type = timeout_message from id = replica_4
23:06:14 INFO - received msg of type = timeout_message from id = faulty_replica_4
23:06:15 INFO - Local timeout round triggered for round = 0
23:06:15 INFO - Created Timeout Message for round = 0 and broadcasted
23:06:15 INFO - received msg of type = timeout_message from id = replica_1
23:06:15 INFO - received msg of type = timeout_message from id = replica_0
23:06:15 INFO - received msg of type = timeout_message from id = replica_2
23:06:15 INFO - received msg of type = timeout_message from id = faulty_replica_0
23:06:15 INFO - received msg of type = timeout_message from id = replica_3
23:06:15 INFO - received msg of type = timeout_message from id = faulty_replica_1
23:06:15 INFO - received msg of type = timeout_message from id = faulty_replica_2
23:06:15 INFO - received msg of type = timeout_message from id = faulty_replica_3
23:06:15 INFO - received msg of type = timeout_message from id = replica_4
23:06:15 INFO - received msg of type = timeout_message from id = faulty_replica_4
23:06:16 INFO - Local timeout round triggered for round = 0
23:06:16 INFO - Created Timeout Message for round = 0 and broadcasted
23:06:16 INFO - received msg of type = timeout_message from id = replica_1
23:06:16 INFO - received msg of type = timeout_message from id = replica_0
23:06:16 INFO - received msg of type = timeout_message from id = replica_2
23:06:16 INFO - received msg of type = timeout_message from id = faulty_replica_0
23:06:16 INFO - received msg of type = timeout_message from id = replica_3
23:06:16 INFO - received msg of type = timeout_message from id = faulty_replica_1
23:06:16 INFO - received msg of type = timeout_message from id = faulty_replica_2
23:06:16 INFO - received msg of type = timeout_message from id = faulty_replica_3
23:06:16 INFO - received msg of type = timeout_message from id = replica_4
23:06:16 INFO - received msg of type = timeout_message from id = faulty_replica_4
23:06:17 INFO - Local timeout round triggered for round = 0
23:06:17 INFO - Created Timeout Message for round = 0 and broadcasted
23:06:17 INFO - received msg of type = timeout_message from id = replica_0
23:06:17 INFO - received msg of type = timeout_message from id = replica_1
23:06:17 INFO - received msg of type = timeout_message from id = replica_2
23:06:17 INFO - received msg of type = timeout_message from id = faulty_replica_0
23:06:17 INFO - received msg of type = timeout_message from id = replica_3
23:06:17 INFO - received msg of type = timeout_message from id = faulty_replica_1
23:06:17 INFO - received msg of type = timeout_message from id = faulty_replica_2
23:06:17 INFO - received msg of type = timeout_message from id = faulty_replica_3
23:06:17 INFO - received msg of type = timeout_message from id = replica_4
23:06:17 INFO - received msg of type = timeout_message from id = faulty_replica_4
23:06:18 INFO - Local timeout round triggered for round = 0
23:06:18 INFO - Created Timeout Message for round = 0 and broadcasted
23:06:18 INFO - received msg of type = timeout_message from id = replica_0
23:06:18 INFO - received msg of type = timeout_message from id = replica_1
23:06:18 INFO - received msg of type = timeout_message from id = replica_2
23:06:18 INFO - received msg of type = timeout_message from id = faulty_replica_0
23:06:18 INFO - received msg of type = timeout_message from id = replica_3
23:06:18 INFO - received msg of type = timeout_message from id = faulty_replica_1
23:06:18 INFO - received msg of type = timeout_message from id = faulty_replica_2
23:06:18 INFO - received msg of type = timeout_message from id = faulty_replica_3
23:06:18 INFO - received msg of type = timeout_message from id = replica_4
23:06:18 INFO - received msg of type = timeout_message from id = faulty_replica_4
23:06:19 INFO - Local timeout round triggered for round = 0
23:06:19 INFO - Created Timeout Message for round = 0 and broadcasted
23:06:19 INFO - received msg of type = timeout_message from id = replica_0
23:06:19 INFO - received msg of type = timeout_message from id = replica_1
23:06:19 INFO - received msg of type = timeout_message from id = replica_2
23:06:19 INFO - received msg of type = timeout_message from id = faulty_replica_0
23:06:19 INFO - received msg of type = timeout_message from id = replica_3
23:06:19 INFO - received msg of type = timeout_message from id = faulty_replica_1
23:06:19 INFO - received msg of type = timeout_message from id = faulty_replica_2
23:06:19 INFO - received msg of type = timeout_message from id = faulty_replica_3
23:06:19 INFO - received msg of type = timeout_message from id = replica_4
23:06:19 INFO - received msg of type = timeout_message from id = faulty_replica_4
23:06:20 INFO - Local timeout round triggered for round = 0
23:06:20 INFO - Created Timeout Message for round = 0 and broadcasted
23:06:20 INFO - received msg of type = timeout_message from id = replica_0
23:06:20 INFO - received msg of type = timeout_message from id = replica_1
23:06:20 INFO - received msg of type = timeout_message from id = replica_2
23:06:20 INFO - received msg of type = timeout_message from id = faulty_replica_0
23:06:20 INFO - received msg of type = timeout_message from id = replica_3
23:06:20 INFO - received msg of type = timeout_message from id = faulty_replica_1
23:06:20 INFO - received msg of type = timeout_message from id = faulty_replica_2
23:06:20 INFO - received msg of type = timeout_message from id = faulty_replica_3
23:06:20 INFO - received msg of type = timeout_message from id = replica_4
23:06:20 INFO - received msg of type = timeout_message from id = faulty_replica_4
23:06:21 INFO - Local timeout round triggered for round = 0
23:06:21 INFO - Created Timeout Message for round = 0 and broadcasted
23:06:21 INFO - received msg of type = timeout_message from id = replica_0
23:06:21 INFO - received msg of type = timeout_message from id = replica_1
23:06:21 INFO - received msg of type = timeout_message from id = replica_2
23:06:21 INFO - received msg of type = timeout_message from id = faulty_replica_0
23:06:21 INFO - received msg of type = timeout_message from id = replica_3
23:06:21 INFO - received msg of type = timeout_message from id = faulty_replica_1
23:06:21 INFO - received msg of type = timeout_message from id = faulty_replica_2
23:06:21 INFO - received msg of type = timeout_message from id = faulty_replica_3
23:06:21 INFO - received msg of type = timeout_message from id = replica_4
23:06:21 INFO - received msg of type = timeout_message from id = faulty_replica_4
23:06:22 INFO - received msg of type = timeout_message from id = replica_0
23:06:22 INFO - Local timeout round triggered for round = 0
23:06:22 INFO - Created Timeout Message for round = 0 and broadcasted
23:06:22 INFO - received msg of type = timeout_message from id = replica_1
23:06:22 INFO - received msg of type = timeout_message from id = replica_2
23:06:22 INFO - received msg of type = timeout_message from id = faulty_replica_0
23:06:22 INFO - received msg of type = timeout_message from id = replica_3
23:06:22 INFO - received msg of type = timeout_message from id = faulty_replica_1
23:06:22 INFO - received msg of type = timeout_message from id = faulty_replica_2
23:06:22 INFO - received msg of type = timeout_message from id = faulty_replica_3
23:06:22 INFO - received msg of type = timeout_message from id = replica_4
23:06:22 INFO - received msg of type = timeout_message from id = faulty_replica_4
23:06:23 INFO - received msg of type = timeout_message from id = replica_0
23:06:23 INFO - Local timeout round triggered for round = 0
23:06:23 INFO - Created Timeout Message for round = 0 and broadcasted
23:06:23 INFO - received msg of type = timeout_message from id = replica_1
23:06:23 INFO - received msg of type = timeout_message from id = replica_2
23:06:23 INFO - received msg of type = timeout_message from id = faulty_replica_0
23:06:23 INFO - received msg of type = timeout_message from id = replica_3
23:06:23 INFO - received msg of type = timeout_message from id = faulty_replica_1
23:06:23 INFO - received msg of type = timeout_message from id = faulty_replica_2
23:06:23 INFO - received msg of type = timeout_message from id = faulty_replica_3
23:06:23 INFO - received msg of type = timeout_message from id = replica_4
23:06:23 INFO - received msg of type = timeout_message from id = faulty_replica_4
23:06:24 INFO - received msg of type = timeout_message from id = replica_0
23:06:24 INFO - Local timeout round triggered for round = 0
23:06:24 INFO - Created Timeout Message for round = 0 and broadcasted
23:06:24 INFO - received msg of type = timeout_message from id = replica_1
23:06:24 INFO - received msg of type = timeout_message from id = replica_2
23:06:24 INFO - received msg of type = timeout_message from id = faulty_replica_0
23:06:24 INFO - received msg of type = timeout_message from id = replica_3
23:06:24 INFO - received msg of type = timeout_message from id = faulty_replica_1
23:06:24 INFO - received msg of type = timeout_message from id = faulty_replica_2
23:06:24 INFO - received msg of type = timeout_message from id = faulty_replica_3
23:06:24 INFO - received msg of type = timeout_message from id = replica_4
23:06:24 INFO - received msg of type = timeout_message from id = faulty_replica_4
23:06:25 INFO - received msg of type = timeout_message from id = replica_0
23:06:25 INFO - Local timeout round triggered for round = 0
23:06:25 INFO - Created Timeout Message for round = 0 and broadcasted
23:06:25 INFO - received msg of type = timeout_message from id = replica_1
23:06:25 INFO - received msg of type = timeout_message from id = replica_2
23:06:25 INFO - received msg of type = timeout_message from id = faulty_replica_0
23:06:25 INFO - received msg of type = timeout_message from id = replica_3
23:06:25 INFO - received msg of type = timeout_message from id = faulty_replica_1
23:06:25 INFO - received msg of type = timeout_message from id = faulty_replica_2
23:06:25 INFO - received msg of type = timeout_message from id = faulty_replica_3
23:06:25 INFO - received msg of type = timeout_message from id = replica_4
23:06:25 INFO - received msg of type = timeout_message from id = faulty_replica_4
23:06:26 INFO - received msg of type = timeout_message from id = replica_0
23:06:26 INFO - Local timeout round triggered for round = 0
23:06:26 INFO - Created Timeout Message for round = 0 and broadcasted
23:06:26 INFO - received msg of type = timeout_message from id = replica_1
23:06:26 INFO - received msg of type = timeout_message from id = replica_2
23:06:26 INFO - received msg of type = timeout_message from id = faulty_replica_0
23:06:26 INFO - received msg of type = timeout_message from id = replica_3
23:06:26 INFO - received msg of type = timeout_message from id = faulty_replica_1
23:06:26 INFO - received msg of type = timeout_message from id = faulty_replica_2
23:06:26 INFO - received msg of type = timeout_message from id = faulty_replica_3
23:06:26 INFO - received msg of type = timeout_message from id = replica_4
23:06:26 INFO - received msg of type = timeout_message from id = faulty_replica_4
23:06:27 INFO - received msg of type = timeout_message from id = replica_0
23:06:27 INFO - Local timeout round triggered for round = 0
23:06:27 INFO - Created Timeout Message for round = 0 and broadcasted
23:06:27 INFO - received msg of type = timeout_message from id = replica_1
23:06:27 INFO - received msg of type = timeout_message from id = replica_2
23:06:27 INFO - received msg of type = timeout_message from id = faulty_replica_0
23:06:27 INFO - received msg of type = timeout_message from id = replica_3
23:06:27 INFO - received msg of type = timeout_message from id = faulty_replica_1
23:06:27 INFO - received msg of type = timeout_message from id = faulty_replica_2
23:06:27 INFO - received msg of type = timeout_message from id = faulty_replica_3
23:06:27 INFO - received msg of type = timeout_message from id = replica_4
23:06:27 INFO - received msg of type = timeout_message from id = faulty_replica_4
23:06:28 INFO - received msg of type = timeout_message from id = replica_0
23:06:28 INFO - Local timeout round triggered for round = 0
23:06:28 INFO - Created Timeout Message for round = 0 and broadcasted
23:06:28 WARNING - terminating
23:21:02 INFO - replica_1 process is started
23:21:02 INFO - received msg of type = client_request from id = client_0
23:21:02 INFO - received msg of type = client_request from id = client_1
23:21:02 INFO - received msg of type = client_request from id = client_2
23:21:02 INFO - received msg of type = client_request from id = client_0
23:21:02 INFO - received msg of type = client_request from id = client_1
23:21:02 INFO - received msg of type = client_request from id = client_0
23:21:02 INFO - received msg of type = client_request from id = client_2
23:21:02 INFO - received msg of type = client_request from id = client_1
23:21:02 INFO - received msg of type = client_request from id = client_2
23:21:02 INFO - received msg of type = client_request from id = client_1
23:21:02 INFO - received msg of type = client_request from id = client_0
23:21:02 INFO - received msg of type = client_request from id = client_0
23:21:02 INFO - received msg of type = client_request from id = client_1
23:21:02 INFO - received msg of type = client_request from id = client_2
23:21:02 INFO - received msg of type = client_request from id = client_0
23:21:02 INFO - received msg of type = client_request from id = client_1
23:21:02 INFO - received msg of type = client_request from id = client_2
23:21:02 INFO - received msg of type = client_request from id = client_2
23:21:03 INFO - Local timeout round triggered for round = 0
23:21:03 INFO - Created Timeout Message for round = 0 and broadcasted
23:21:03 INFO - received msg of type = timeout_message from id = faulty_replica_0
23:21:03 INFO - received msg of type = timeout_message from id = replica_1
23:21:03 INFO - received msg of type = timeout_message from id = replica_0
23:21:03 INFO - received msg of type = timeout_message from id = replica_2
23:21:03 INFO - received msg of type = timeout_message from id = replica_3
23:21:03 INFO - received msg of type = timeout_message from id = faulty_replica_1
23:21:03 INFO - Local timeout round triggered for round = 0
23:21:03 INFO - Created Timeout Message for round = 0 and broadcasted
23:21:03 INFO - received msg of type = timeout_message from id = replica_4
23:21:03 INFO - received msg of type = timeout_message from id = faulty_replica_2
23:21:03 INFO - received msg of type = timeout_message from id = faulty_replica_4
23:21:03 INFO - received msg of type = timeout_message from id = faulty_replica_3
23:21:03 INFO - received msg of type = timeout_message from id = replica_1
23:21:03 INFO - received msg of type = timeout_message from id = faulty_replica_0
23:21:03 INFO - received msg of type = timeout_message from id = replica_0
23:21:03 INFO - received msg of type = timeout_message from id = replica_3
23:21:03 INFO - received msg of type = timeout_message from id = replica_2
23:21:03 INFO - received msg of type = timeout_message from id = faulty_replica_1
23:21:03 INFO - received msg of type = timeout_message from id = replica_4
23:21:03 INFO - received msg of type = timeout_message from id = faulty_replica_4
23:21:03 INFO - received msg of type = timeout_message from id = faulty_replica_2
23:21:03 INFO - received msg of type = timeout_message from id = faulty_replica_3
23:21:04 INFO - Local timeout round triggered for round = 0
23:21:04 INFO - Created Timeout Message for round = 0 and broadcasted
23:21:04 INFO - received msg of type = timeout_message from id = replica_1
23:21:04 INFO - received msg of type = timeout_message from id = faulty_replica_0
23:21:04 INFO - received msg of type = timeout_message from id = replica_0
23:21:04 INFO - received msg of type = timeout_message from id = replica_3
23:21:04 INFO - received msg of type = timeout_message from id = faulty_replica_1
23:21:04 INFO - received msg of type = timeout_message from id = replica_2
23:21:04 INFO - received msg of type = timeout_message from id = faulty_replica_4
23:21:04 INFO - received msg of type = timeout_message from id = replica_4
23:21:04 INFO - received msg of type = timeout_message from id = faulty_replica_2
23:21:04 INFO - received msg of type = timeout_message from id = faulty_replica_3
23:21:05 INFO - Local timeout round triggered for round = 0
23:21:05 INFO - Created Timeout Message for round = 0 and broadcasted
23:21:05 INFO - received msg of type = timeout_message from id = replica_1
23:21:05 INFO - received msg of type = timeout_message from id = replica_0
23:21:05 INFO - received msg of type = timeout_message from id = faulty_replica_0
23:21:05 INFO - received msg of type = timeout_message from id = replica_3
23:21:05 INFO - received msg of type = timeout_message from id = faulty_replica_1
23:21:05 INFO - received msg of type = timeout_message from id = replica_2
23:21:05 INFO - received msg of type = timeout_message from id = faulty_replica_4
23:21:05 INFO - received msg of type = timeout_message from id = replica_4
23:21:05 INFO - received msg of type = timeout_message from id = faulty_replica_2
23:21:05 INFO - received msg of type = timeout_message from id = faulty_replica_3
23:21:06 INFO - Local timeout round triggered for round = 0
23:21:06 INFO - Created Timeout Message for round = 0 and broadcasted
23:21:06 INFO - received msg of type = timeout_message from id = replica_1
23:21:06 INFO - received msg of type = timeout_message from id = replica_0
23:21:06 INFO - received msg of type = timeout_message from id = faulty_replica_0
23:21:06 INFO - received msg of type = timeout_message from id = replica_3
23:21:06 INFO - received msg of type = timeout_message from id = faulty_replica_1
23:21:06 INFO - received msg of type = timeout_message from id = replica_2
23:21:06 INFO - received msg of type = timeout_message from id = faulty_replica_4
23:21:06 INFO - received msg of type = timeout_message from id = replica_4
23:21:06 INFO - received msg of type = timeout_message from id = faulty_replica_2
23:21:06 INFO - received msg of type = timeout_message from id = faulty_replica_3
23:21:07 INFO - Local timeout round triggered for round = 0
23:21:07 INFO - Created Timeout Message for round = 0 and broadcasted
23:21:07 INFO - received msg of type = timeout_message from id = replica_1
23:21:07 INFO - received msg of type = timeout_message from id = replica_0
23:21:07 INFO - received msg of type = timeout_message from id = faulty_replica_0
23:21:07 INFO - received msg of type = timeout_message from id = replica_3
23:21:07 INFO - received msg of type = timeout_message from id = faulty_replica_1
23:21:07 INFO - received msg of type = timeout_message from id = replica_2
23:21:07 INFO - received msg of type = timeout_message from id = faulty_replica_4
23:21:07 INFO - received msg of type = timeout_message from id = replica_4
23:21:07 INFO - received msg of type = timeout_message from id = faulty_replica_2
23:21:07 INFO - received msg of type = timeout_message from id = faulty_replica_3
23:21:08 INFO - Local timeout round triggered for round = 0
23:21:08 INFO - Created Timeout Message for round = 0 and broadcasted
23:21:08 INFO - received msg of type = timeout_message from id = replica_1
23:21:08 INFO - received msg of type = timeout_message from id = replica_0
23:21:08 INFO - received msg of type = timeout_message from id = faulty_replica_0
23:21:08 INFO - received msg of type = timeout_message from id = replica_3
23:21:08 INFO - received msg of type = timeout_message from id = faulty_replica_1
23:21:08 INFO - received msg of type = timeout_message from id = replica_2
23:21:08 INFO - received msg of type = timeout_message from id = replica_4
23:21:08 INFO - received msg of type = timeout_message from id = faulty_replica_4
23:21:08 INFO - received msg of type = timeout_message from id = faulty_replica_2
23:21:08 INFO - received msg of type = timeout_message from id = faulty_replica_3
23:21:12 INFO - replica_1 process is started
23:21:12 INFO - received msg of type = client_request from id = client_0
23:21:12 INFO - received msg of type = client_request from id = client_1
23:21:12 INFO - received msg of type = client_request from id = client_2
23:21:13 INFO - Local timeout round triggered for round = 0
23:21:13 INFO - Created Timeout Message for round = 0 and broadcasted
23:21:13 INFO - received msg of type = timeout_message from id = replica_1
23:21:13 INFO - received msg of type = timeout_message from id = replica_0
23:21:13 INFO - received msg of type = timeout_message from id = replica_2
23:21:13 INFO - received msg of type = timeout_message from id = faulty_replica_2
23:21:13 INFO - Local timeout round triggered for round = 0
23:21:13 INFO - Created Timeout Message for round = 0 and broadcasted
23:21:13 INFO - received msg of type = timeout_message from id = faulty_replica_0
23:21:13 INFO - received msg of type = timeout_message from id = replica_3
23:21:13 INFO - received msg of type = timeout_message from id = faulty_replica_1
23:21:13 INFO - TC created for round = 0
23:21:13 INFO - New round = 1 started
23:21:13 INFO - received msg of type = timeout_message from id = replica_5
23:21:13 INFO - received msg of type = timeout_message from id = replica_4
23:21:13 INFO - received msg of type = timeout_message from id = replica_6
23:21:13 INFO - received msg of type = timeout_message from id = replica_0
23:21:13 INFO - received msg of type = timeout_message from id = replica_1
23:21:13 INFO - received msg of type = timeout_message from id = faulty_replica_2
23:21:13 INFO - received msg of type = timeout_message from id = replica_2
23:21:13 INFO - received msg of type = timeout_message from id = replica_3
23:21:13 INFO - received msg of type = timeout_message from id = faulty_replica_0
23:21:13 INFO - received msg of type = timeout_message from id = replica_4
23:21:13 INFO - received msg of type = timeout_message from id = faulty_replica_1
23:21:13 INFO - received msg of type = proposal_message from id = replica_0
23:21:13 INFO - vote created for round = 1, by = replica_1, send to leader = replica_1
23:21:13 INFO - received msg of type = timeout_message from id = replica_5
23:21:13 INFO - received msg of type = timeout_message from id = replica_6
23:21:13 INFO - received msg of type = vote_message from id = replica_1
23:21:13 INFO - received msg of type = vote_message from id = replica_0
23:21:13 INFO - received msg of type = vote_message from id = replica_2
23:21:13 INFO - received msg of type = vote_message from id = replica_3
23:21:13 INFO - received msg of type = vote_message from id = faulty_replica_0
23:21:13 INFO - received msg of type = vote_message from id = replica_4
23:21:13 INFO - received msg of type = vote_message from id = replica_5
23:21:13 INFO - QC created for round = 1 and parent round = -1
23:21:13 INFO - New round = 2 started
23:21:13 INFO - Generated block for txn = ['client_1-0:jeqihfxhax'] in round = 2 and broadcasted
23:21:13 INFO - received msg of type = vote_message from id = faulty_replica_1
23:21:13 INFO - received msg of type = proposal_message from id = replica_1
23:21:13 INFO - vote created for round = 2, by = replica_1, send to leader = replica_1
23:21:13 INFO - received msg of type = vote_message from id = replica_6
23:21:13 INFO - received msg of type = vote_message from id = replica_0
23:21:13 INFO - received msg of type = vote_message from id = faulty_replica_0
23:21:13 INFO - received msg of type = vote_message from id = replica_4
23:21:13 INFO - received msg of type = vote_message from id = faulty_replica_2
23:21:13 INFO - received msg of type = vote_message from id = replica_2
23:21:13 INFO - received msg of type = vote_message from id = replica_3
23:21:13 INFO - received msg of type = vote_message from id = faulty_replica_1
23:21:13 INFO - QC created for round = 2 and parent round = 1
23:21:13 INFO - Ledger : commited block txn = ['client_0-0:pvxjfhmtxi'], round = 1, author = replica_0
23:21:13 INFO - New round = 3 started
23:21:13 INFO - Generated block for txn = ['client_2-0:vysksxeybz'] in round = 3 and broadcasted
23:21:13 INFO - received msg of type = vote_message from id = replica_5
23:21:13 INFO - received msg of type = vote_message from id = replica_1
23:21:13 INFO - received msg of type = vote_message from id = replica_6
23:21:13 INFO - received msg of type = proposal_message from id = replica_1
23:21:13 INFO - vote created for round = 3, by = replica_1, send to leader = replica_2
23:21:13 INFO - received msg of type = proposal_message from id = replica_2
23:21:13 INFO - Ledger : commited block txn = ['client_1-0:jeqihfxhax'], round = 2, author = replica_1
23:21:13 INFO - New round = 4 started
23:21:13 INFO - vote created for round = 4, by = replica_1, send to leader = replica_2
23:21:14 INFO - received msg of type = client_request from id = client_0
23:21:14 INFO - received msg of type = client_request from id = client_1
23:21:14 INFO - received msg of type = client_request from id = client_2
23:21:14 INFO - Local timeout round triggered for round = 4
23:21:14 INFO - Created Timeout Message for round = 4 and broadcasted
23:21:14 INFO - received msg of type = timeout_message from id = replica_1
23:21:14 INFO - received msg of type = timeout_message from id = faulty_replica_2
23:21:14 INFO - received msg of type = timeout_message from id = replica_0
23:21:14 INFO - received msg of type = timeout_message from id = faulty_replica_1
23:21:14 INFO - Local timeout round triggered for round = 4
23:21:14 INFO - Created Timeout Message for round = 4 and broadcasted
23:21:14 INFO - received msg of type = timeout_message from id = replica_3
23:21:14 INFO - received msg of type = timeout_message from id = replica_4
23:21:14 INFO - received msg of type = timeout_message from id = replica_5
23:21:14 INFO - TC created for round = 4
23:21:14 INFO - New round = 5 started
23:21:14 INFO - received msg of type = timeout_message from id = faulty_replica_0
23:21:14 INFO - received msg of type = timeout_message from id = replica_6
23:21:14 INFO - received msg of type = timeout_message from id = replica_2
23:21:14 INFO - Ledger : commited block txn = ['client_2-0:vysksxeybz'], round = 3, author = replica_1
23:21:14 INFO - received msg of type = timeout_message from id = replica_1
23:21:14 INFO - received msg of type = timeout_message from id = faulty_replica_2
23:21:14 INFO - received msg of type = timeout_message from id = replica_0
23:21:14 INFO - received msg of type = timeout_message from id = replica_3
23:21:14 INFO - received msg of type = timeout_message from id = replica_5
23:21:14 INFO - received msg of type = timeout_message from id = faulty_replica_0
23:21:14 INFO - received msg of type = timeout_message from id = replica_6
23:21:14 INFO - received msg of type = timeout_message from id = replica_4
23:21:14 INFO - received msg of type = timeout_message from id = faulty_replica_1
23:21:15 INFO - received msg of type = timeout_message from id = replica_2
23:21:15 INFO - Local timeout round triggered for round = 5
23:21:15 INFO - Created Timeout Message for round = 5 and broadcasted
23:21:15 INFO - received msg of type = timeout_message from id = replica_1
23:21:15 INFO - received msg of type = timeout_message from id = replica_3
23:21:15 INFO - received msg of type = timeout_message from id = faulty_replica_2
23:21:15 INFO - Local timeout round triggered for round = 5
23:21:15 INFO - Created Timeout Message for round = 5 and broadcasted
23:21:15 INFO - received msg of type = timeout_message from id = faulty_replica_0
23:21:15 INFO - received msg of type = timeout_message from id = replica_4
23:21:15 INFO - received msg of type = timeout_message from id = replica_6
23:21:15 INFO - TC created for round = 5
23:21:15 INFO - New round = 6 started
23:21:15 INFO - received msg of type = timeout_message from id = replica_5
23:21:15 INFO - received msg of type = timeout_message from id = replica_2
23:21:15 INFO - received msg of type = timeout_message from id = replica_1
23:21:15 INFO - received msg of type = timeout_message from id = replica_0
23:21:15 INFO - received msg of type = timeout_message from id = faulty_replica_1
23:21:15 INFO - received msg of type = timeout_message from id = replica_3
23:21:15 INFO - received msg of type = timeout_message from id = faulty_replica_0
23:21:15 INFO - received msg of type = timeout_message from id = faulty_replica_2
23:21:15 INFO - received msg of type = timeout_message from id = replica_4
23:21:15 INFO - received msg of type = timeout_message from id = replica_5
23:21:15 INFO - received msg of type = timeout_message from id = replica_6
23:21:15 INFO - received msg of type = proposal_message from id = replica_3
23:21:15 INFO - vote created for round = 6, by = replica_1, send to leader = replica_3
23:21:16 INFO - received msg of type = proposal_message from id = replica_3
23:21:16 INFO - New round = 7 started
23:21:16 INFO - vote created for round = 7, by = replica_1, send to leader = replica_4
23:21:16 INFO - received msg of type = proposal_message from id = replica_4
23:21:16 INFO - Ledger : commited block txn = ['client_0-1:evqcmdwqxl'], round = 6, author = replica_3
23:21:16 INFO - New round = 8 started
23:21:16 INFO - vote created for round = 8, by = replica_1, send to leader = replica_4
23:21:16 INFO - received msg of type = proposal_message from id = replica_4
23:21:16 INFO - Ledger : commited block txn = ['client_1-1:uzdqqzpxmy'], round = 7, author = replica_3
23:21:16 INFO - New round = 9 started
23:21:16 INFO - vote created for round = 9, by = replica_1, send to leader = replica_5
23:21:16 INFO - received msg of type = client_request from id = client_0
23:21:16 INFO - received msg of type = client_request from id = client_1
23:21:16 INFO - received msg of type = client_request from id = client_2
23:21:17 INFO - received msg of type = timeout_message from id = replica_4
23:21:17 INFO - received msg of type = timeout_message from id = replica_0
23:21:17 INFO - Local timeout round triggered for round = 9
23:21:17 INFO - Created Timeout Message for round = 9 and broadcasted
23:21:17 INFO - received msg of type = timeout_message from id = replica_2
23:21:17 INFO - received msg of type = timeout_message from id = faulty_replica_1
23:21:17 INFO - Local timeout round triggered for round = 9
23:21:17 INFO - Created Timeout Message for round = 9 and broadcasted
23:21:17 INFO - received msg of type = timeout_message from id = replica_3
23:21:17 INFO - received msg of type = timeout_message from id = faulty_replica_0
23:21:17 INFO - received msg of type = timeout_message from id = replica_6
23:21:17 INFO - TC created for round = 9
23:21:17 INFO - New round = 10 started
23:21:17 INFO - received msg of type = timeout_message from id = replica_1
23:21:17 INFO - received msg of type = timeout_message from id = replica_5
23:21:17 INFO - Ledger : commited block txn = ['client_2-1:sgfvfgdotm'], round = 8, author = replica_4
23:21:17 INFO - received msg of type = timeout_message from id = faulty_replica_2
23:21:17 INFO - received msg of type = timeout_message from id = replica_4
23:21:17 INFO - received msg of type = timeout_message from id = replica_0
23:21:17 INFO - received msg of type = timeout_message from id = replica_2
23:21:17 INFO - received msg of type = timeout_message from id = faulty_replica_1
23:21:17 INFO - received msg of type = timeout_message from id = faulty_replica_0
23:21:17 INFO - received msg of type = timeout_message from id = replica_1
23:21:17 INFO - received msg of type = timeout_message from id = replica_3
23:21:17 INFO - received msg of type = timeout_message from id = faulty_replica_2
23:21:17 INFO - received msg of type = timeout_message from id = replica_6
23:21:18 INFO - received msg of type = timeout_message from id = replica_5
23:21:18 INFO - received msg of type = timeout_message from id = replica_2
23:21:18 INFO - received msg of type = timeout_message from id = faulty_replica_1
23:21:18 INFO - Local timeout round triggered for round = 10
23:21:18 INFO - Created Timeout Message for round = 10 and broadcasted
23:21:18 INFO - received msg of type = timeout_message from id = faulty_replica_0
23:21:18 INFO - Local timeout round triggered for round = 10
23:21:18 INFO - Created Timeout Message for round = 10 and broadcasted
23:21:18 INFO - received msg of type = timeout_message from id = replica_0
23:21:18 INFO - received msg of type = timeout_message from id = replica_4
23:21:18 INFO - received msg of type = timeout_message from id = replica_1
23:21:18 INFO - TC created for round = 10
23:21:18 INFO - New round = 11 started
23:21:18 INFO - received msg of type = timeout_message from id = faulty_replica_2
23:21:18 INFO - received msg of type = timeout_message from id = replica_6
23:21:18 INFO - received msg of type = timeout_message from id = replica_5
23:21:18 INFO - received msg of type = timeout_message from id = replica_3
23:21:18 INFO - received msg of type = timeout_message from id = replica_2
23:21:18 INFO - received msg of type = timeout_message from id = replica_1
23:21:18 INFO - received msg of type = timeout_message from id = replica_0
23:21:18 INFO - received msg of type = timeout_message from id = faulty_replica_0
23:21:18 INFO - received msg of type = timeout_message from id = replica_6
23:21:18 INFO - received msg of type = timeout_message from id = replica_4
23:21:18 INFO - received msg of type = timeout_message from id = faulty_replica_1
23:21:18 INFO - received msg of type = proposal_message from id = replica_5
23:21:18 INFO - vote created for round = 11, by = replica_1, send to leader = replica_6
23:21:18 INFO - received msg of type = proposal_message from id = replica_6
23:21:18 INFO - New round = 12 started
23:21:18 INFO - vote created for round = 12, by = replica_1, send to leader = replica_6
23:21:18 INFO - received msg of type = proposal_message from id = replica_6
23:21:18 INFO - Ledger : commited block txn = ['client_0-2:vtnvxavnps'], round = 11, author = replica_5
23:21:18 INFO - New round = 13 started
23:21:18 INFO - vote created for round = 13, by = replica_1, send to leader = faulty_replica_0
23:21:18 INFO - received msg of type = proposal_message from id = faulty_replica_0
23:21:18 INFO - Ledger : commited block txn = ['client_1-2:uaxpuxlxac'], round = 12, author = replica_6
23:21:18 INFO - New round = 14 started
23:21:18 INFO - vote created for round = 14, by = replica_1, send to leader = faulty_replica_0
23:21:19 INFO - Local timeout round triggered for round = 14
23:21:19 INFO - Created Timeout Message for round = 14 and broadcasted
23:21:19 INFO - received msg of type = timeout_message from id = replica_1
23:21:19 INFO - received msg of type = timeout_message from id = replica_0
23:21:19 INFO - received msg of type = timeout_message from id = replica_2
23:21:19 INFO - received msg of type = timeout_message from id = faulty_replica_2
23:21:20 INFO - Local timeout round triggered for round = 14
23:21:20 INFO - Created Timeout Message for round = 14 and broadcasted
23:21:20 INFO - received msg of type = timeout_message from id = faulty_replica_1
23:21:20 INFO - received msg of type = timeout_message from id = replica_3
23:21:20 INFO - received msg of type = timeout_message from id = replica_5
23:21:20 INFO - TC created for round = 14
23:21:20 INFO - New round = 15 started
23:21:20 INFO - received msg of type = timeout_message from id = replica_4
23:21:20 INFO - received msg of type = timeout_message from id = replica_6
23:21:20 INFO - received msg of type = timeout_message from id = replica_1
23:21:20 INFO - received msg of type = timeout_message from id = replica_0
23:21:20 INFO - received msg of type = timeout_message from id = replica_3
23:21:20 INFO - received msg of type = timeout_message from id = replica_4
23:21:20 INFO - received msg of type = timeout_message from id = faulty_replica_2
23:21:20 INFO - received msg of type = timeout_message from id = faulty_replica_1
23:21:20 INFO - received msg of type = timeout_message from id = replica_2
23:21:20 INFO - received msg of type = timeout_message from id = replica_6
23:21:20 INFO - received msg of type = timeout_message from id = replica_5
23:21:21 INFO - Local timeout round triggered for round = 15
23:21:21 INFO - Created Timeout Message for round = 15 and broadcasted
23:21:21 INFO - received msg of type = timeout_message from id = replica_1
23:21:21 INFO - received msg of type = timeout_message from id = replica_0
23:21:21 INFO - received msg of type = timeout_message from id = replica_3
23:21:21 INFO - received msg of type = timeout_message from id = faulty_replica_1
23:21:21 INFO - Local timeout round triggered for round = 15
23:21:21 INFO - Created Timeout Message for round = 15 and broadcasted
23:21:21 INFO - received msg of type = timeout_message from id = replica_4
23:21:21 INFO - received msg of type = timeout_message from id = replica_6
23:21:21 INFO - received msg of type = timeout_message from id = faulty_replica_2
23:21:21 INFO - TC created for round = 15
23:21:21 INFO - New round = 16 started
23:21:21 INFO - received msg of type = timeout_message from id = replica_2
23:21:21 INFO - received msg of type = timeout_message from id = replica_5
23:21:21 INFO - received msg of type = timeout_message from id = faulty_replica_0
23:21:21 INFO - Ledger : commited block txn = ['client_2-2:mybkbieduv'], round = 13, author = replica_6
23:21:21 INFO - received msg of type = timeout_message from id = replica_0
23:21:21 INFO - received msg of type = timeout_message from id = replica_1
23:21:21 INFO - received msg of type = timeout_message from id = replica_2
23:21:21 INFO - received msg of type = timeout_message from id = faulty_replica_1
23:21:21 INFO - received msg of type = timeout_message from id = replica_5
23:21:21 INFO - received msg of type = timeout_message from id = replica_3
23:21:21 INFO - received msg of type = timeout_message from id = replica_4
23:21:21 INFO - received msg of type = timeout_message from id = faulty_replica_2
23:21:21 INFO - received msg of type = timeout_message from id = replica_6
23:21:21 INFO - received msg of type = proposal_message from id = faulty_replica_1
23:21:21 INFO - vote created for round = 16, by = replica_1, send to leader = faulty_replica_1
23:21:22 WARNING - terminating
